<?xml version="1.0" encoding="UTF-8"?>
<robot generator="Robot 5.0 (Python 3.10.4 on win32)" generated="20221213 15:25:02.708" rpa="false" schemaversion="3">
<suite id="s1" name="API Privy" source="N:\Privy_Test\src\API_Privy.robot">
<test id="s1-t1" name="TC1_message : /api/v1/message/AWO7813" line="33">
<kw name="Random String">
<var>${random_auth}</var>
<kw name="Generate Random String" library="String">
<var>${random_auth}</var>
<arg>12</arg>
<arg>[LOWER]</arg>
<doc>Generates a string with a desired ``length`` from the given ``chars``.</doc>
<msg timestamp="20221213 15:25:02.802" level="INFO">${random_auth} = zjzhvmxukllt</msg>
<status status="PASS" starttime="20221213 15:25:02.801" endtime="20221213 15:25:02.802"/>
</kw>
<msg timestamp="20221213 15:25:02.802" level="INFO">${random_auth} = zjzhvmxukllt</msg>
<status status="PASS" starttime="20221213 15:25:02.801" endtime="20221213 15:25:02.802"/>
</kw>
<kw name="GET" library="RequestsLibrary">
<var>${response1}</var>
<arg>${Request_url}/api/v1/message/${user_id}</arg>
<arg>params=Authorization=${random_auth}&amp;user_id=${user_id}</arg>
<arg>expected_status=200</arg>
<doc>Sends a GET request.</doc>
<msg timestamp="20221213 15:25:02.878" level="INFO">GET Request : url=http://pretest-qa.dcidev.id/api/v1/message/AWO7813?Authorization=zjzhvmxukllt&amp;user_id=AWO7813 
 path_url=/api/v1/message/AWO7813?Authorization=zjzhvmxukllt&amp;user_id=AWO7813 
 headers={'User-Agent': 'python-requests/2.27.1', 'Accept-Encoding': 'gzip, deflate', 'Accept': '*/*', 'Connection': 'keep-alive'} 
 body=None 
 </msg>
<msg timestamp="20221213 15:25:02.878" level="INFO">GET Response : url=http://pretest-qa.dcidev.id/api/v1/message/AWO7813?Authorization=zjzhvmxukllt&amp;user_id=AWO7813 
 status=401, reason=Unauthorized 
 headers={'Server': 'nginx/1.18.0 (Ubuntu)', 'Date': 'Tue, 13 Dec 2022 08:25:02 GMT', 'Content-Type': 'application/json; charset=UTF-8', 'Content-Length': '49', 'Connection': 'keep-alive', 'Cache-Control': 'no-cache', 'X-Request-Id': 'b7a7dda0-ede1-4cac-a62e-618ccbf8f47e', 'X-Runtime': '0.003707'} 
 body={"error":{"code":401,"errors":["Invalid token"]}} 
 </msg>
<msg timestamp="20221213 15:25:02.878" level="FAIL">Url: http://pretest-qa.dcidev.id/api/v1/message/AWO7813?Authorization=zjzhvmxukllt&amp;user_id=AWO7813 Expected status: 401 != 200</msg>
<status status="FAIL" starttime="20221213 15:25:02.802" endtime="20221213 15:25:02.879"/>
</kw>
<status status="FAIL" starttime="20221213 15:25:02.801" endtime="20221213 15:25:02.880">Url: http://pretest-qa.dcidev.id/api/v1/message/AWO7813?Authorization=zjzhvmxukllt&amp;user_id=AWO7813 Expected status: 401 != 200</status>
</test>
<test id="s1-t2" name="TC2_message : /api/v1/message/send" line="37">
<kw name="Random String">
<var>${random_auth}</var>
<kw name="Generate Random String" library="String">
<var>${random_auth}</var>
<arg>12</arg>
<arg>[LOWER]</arg>
<doc>Generates a string with a desired ``length`` from the given ``chars``.</doc>
<msg timestamp="20221213 15:25:02.881" level="INFO">${random_auth} = kgpcpfmhdtai</msg>
<status status="PASS" starttime="20221213 15:25:02.881" endtime="20221213 15:25:02.881"/>
</kw>
<msg timestamp="20221213 15:25:02.881" level="INFO">${random_auth} = kgpcpfmhdtai</msg>
<status status="PASS" starttime="20221213 15:25:02.881" endtime="20221213 15:25:02.881"/>
</kw>
<kw name="POST" library="RequestsLibrary">
<var>${response2}</var>
<arg>${Request_url}/api/v1/message/send</arg>
<arg>params=Authorization=${random_auth}&amp;user_id=${user_id}&amp;message=API automation</arg>
<arg>expected_status=201</arg>
<doc>Sends a POST request.</doc>
<msg timestamp="20221213 15:25:02.936" level="INFO">POST Request : url=http://pretest-qa.dcidev.id/api/v1/message/send?Authorization=kgpcpfmhdtai&amp;user_id=AWO7813&amp;message=API%20automation 
 path_url=/api/v1/message/send?Authorization=kgpcpfmhdtai&amp;user_id=AWO7813&amp;message=API%20automation 
 headers={'User-Agent': 'python-requests/2.27.1', 'Accept-Encoding': 'gzip, deflate', 'Accept': '*/*', 'Connection': 'keep-alive', 'Content-Length': '0'} 
 body=None 
 </msg>
<msg timestamp="20221213 15:25:02.936" level="INFO">POST Response : url=http://pretest-qa.dcidev.id/api/v1/message/send?Authorization=kgpcpfmhdtai&amp;user_id=AWO7813&amp;message=API%20automation 
 status=401, reason=Unauthorized 
 headers={'Server': 'nginx/1.18.0 (Ubuntu)', 'Date': 'Tue, 13 Dec 2022 08:25:02 GMT', 'Content-Type': 'application/json; charset=UTF-8', 'Content-Length': '49', 'Connection': 'keep-alive', 'Cache-Control': 'no-cache', 'X-Request-Id': '07b3e19a-e368-4d23-a14e-285d933c53d2', 'X-Runtime': '0.003943'} 
 body={"error":{"code":401,"errors":["Invalid token"]}} 
 </msg>
<msg timestamp="20221213 15:25:02.936" level="FAIL">Url: http://pretest-qa.dcidev.id/api/v1/message/send?Authorization=kgpcpfmhdtai&amp;user_id=AWO7813&amp;message=API%20automation Expected status: 401 != 201</msg>
<status status="FAIL" starttime="20221213 15:25:02.881" endtime="20221213 15:25:02.936"/>
</kw>
<status status="FAIL" starttime="20221213 15:25:02.880" endtime="20221213 15:25:02.937">Url: http://pretest-qa.dcidev.id/api/v1/message/send?Authorization=kgpcpfmhdtai&amp;user_id=AWO7813&amp;message=API%20automation Expected status: 401 != 201</status>
</test>
<test id="s1-t3" name="TC3_notification : /api/v1/notification/alfin grub/token1234" line="41">
<kw name="POST" library="RequestsLibrary">
<var>${response}</var>
<arg>${Request_url}/api/v1/notification/${grub_id}/${token}</arg>
<arg>params=grub_id=${grub_id}&amp;token=${token}</arg>
<arg>expected_status=201</arg>
<doc>Sends a POST request.</doc>
<msg timestamp="20221213 15:25:03.642" level="INFO">POST Request : url=http://pretest-qa.dcidev.id/api/v1/notification/alfin%20grub/token1234?grub_id=alfin%20grub&amp;token=token1234 
 path_url=/api/v1/notification/alfin%20grub/token1234?grub_id=alfin%20grub&amp;token=token1234 
 headers={'User-Agent': 'python-requests/2.27.1', 'Accept-Encoding': 'gzip, deflate', 'Accept': '*/*', 'Connection': 'keep-alive', 'Content-Length': '0'} 
 body=None 
 </msg>
<msg timestamp="20221213 15:25:03.642" level="INFO">POST Response : url=http://pretest-qa.dcidev.id/api/v1/notification/alfin%20grub/token1234?grub_id=alfin%20grub&amp;token=token1234 
 status=201, reason=Created 
 headers={'Server': 'nginx/1.18.0 (Ubuntu)', 'Date': 'Tue, 13 Dec 2022 08:25:03 GMT', 'Content-Type': 'application/json; charset=UTF-8', 'Content-Length': '9', 'Connection': 'keep-alive', 'ETag': 'W/"68e7a69974a641064a6a5ae8b1a00997"', 'Cache-Control': 'max-age=0, private, must-revalidate', 'X-Request-Id': '868698b2-62fb-4a8c-8a1c-8ffce7a1e273', 'X-Runtime': '0.652968'} 
 body="success" 
 </msg>
<msg timestamp="20221213 15:25:03.642" level="INFO">${response} = &lt;Response [201]&gt;</msg>
<status status="PASS" starttime="20221213 15:25:02.938" endtime="20221213 15:25:03.642"/>
</kw>
<status status="PASS" starttime="20221213 15:25:02.937" endtime="20221213 15:25:03.642"/>
</test>
<test id="s1-t4" name="TC4_oauth : /api/v1/oauth/credentials" line="44">
<kw name="GET" library="RequestsLibrary">
<var>${response}</var>
<arg>${Request_url}/api/v1/oauth/credentials</arg>
<arg>params=access_token=auhusdaw22xxx</arg>
<arg>expected_status=200</arg>
<doc>Sends a GET request.</doc>
<msg timestamp="20221213 15:25:03.700" level="INFO">GET Request : url=http://pretest-qa.dcidev.id/api/v1/oauth/credentials?access_token=auhusdaw22xxx 
 path_url=/api/v1/oauth/credentials?access_token=auhusdaw22xxx 
 headers={'User-Agent': 'python-requests/2.27.1', 'Accept-Encoding': 'gzip, deflate', 'Accept': '*/*', 'Connection': 'keep-alive'} 
 body=None 
 </msg>
<msg timestamp="20221213 15:25:03.700" level="INFO">GET Response : url=http://pretest-qa.dcidev.id/api/v1/oauth/credentials?access_token=auhusdaw22xxx 
 status=401, reason=Unauthorized 
 headers={'Server': 'nginx/1.18.0 (Ubuntu)', 'Date': 'Tue, 13 Dec 2022 08:25:03 GMT', 'Content-Type': 'application/json; charset=utf-8', 'Content-Length': '62', 'Connection': 'keep-alive', 'Cache-Control': 'no-store', 'Pragma': 'no-cache', 'WWW-Authenticate': 'Bearer realm="Doorkeeper", error="invalid_token", error_description="The access token is invalid"', 'X-Request-Id': 'c47aa5c4-c9ad-436f-b7df-624a14d2f81e', 'X-Runtime': '0.005350'} 
 body={"error":{"errors":[{"error":"The access token is invalid"}]}} 
 </msg>
<msg timestamp="20221213 15:25:03.700" level="FAIL">Url: http://pretest-qa.dcidev.id/api/v1/oauth/credentials?access_token=auhusdaw22xxx Expected status: 401 != 200</msg>
<status status="FAIL" starttime="20221213 15:25:03.643" endtime="20221213 15:25:03.700"/>
</kw>
<status status="FAIL" starttime="20221213 15:25:03.643" endtime="20221213 15:25:03.701">Url: http://pretest-qa.dcidev.id/api/v1/oauth/credentials?access_token=auhusdaw22xxx Expected status: 401 != 200</status>
</test>
<test id="s1-t5" name="TC5_oauth : /api/v1/oauth/sign_in" line="47">
<kw name="Random number">
<var>${random_numbers}</var>
<kw name="Evaluate" library="BuiltIn">
<var>${random_numbers}</var>
<arg>random.sample(range(628987544444, 628987544999), 1)[0]</arg>
<doc>Evaluates the given expression in Python and returns the result.</doc>
<msg timestamp="20221213 15:25:03.702" level="INFO">${random_numbers} = 628987544636</msg>
<status status="PASS" starttime="20221213 15:25:03.702" endtime="20221213 15:25:03.702"/>
</kw>
<msg timestamp="20221213 15:25:03.702" level="INFO">${random_numbers} = 628987544636</msg>
<status status="PASS" starttime="20221213 15:25:03.702" endtime="20221213 15:25:03.702"/>
</kw>
<kw name="POST" library="RequestsLibrary">
<var>${response}</var>
<arg>${Request_url}/api/v1/oauth/sign_in</arg>
<arg>params=phone=${random_numbers}&amp;password=APIPrivyID&amp;latlong=8awydo3&amp;device_token&amp;device_type=1</arg>
<arg>expected_status=201</arg>
<doc>Sends a POST request.</doc>
<msg timestamp="20221213 15:25:03.759" level="INFO">POST Request : url=http://pretest-qa.dcidev.id/api/v1/oauth/sign_in?phone=628987544636&amp;password=APIPrivyID&amp;latlong=8awydo3&amp;device_token&amp;device_type=1 
 path_url=/api/v1/oauth/sign_in?phone=628987544636&amp;password=APIPrivyID&amp;latlong=8awydo3&amp;device_token&amp;device_type=1 
 headers={'User-Agent': 'python-requests/2.27.1', 'Accept-Encoding': 'gzip, deflate', 'Accept': '*/*', 'Connection': 'keep-alive', 'Content-Length': '0'} 
 body=None 
 </msg>
<msg timestamp="20221213 15:25:03.759" level="INFO">POST Response : url=http://pretest-qa.dcidev.id/api/v1/oauth/sign_in?phone=628987544636&amp;password=APIPrivyID&amp;latlong=8awydo3&amp;device_token&amp;device_type=1 
 status=422, reason=Unprocessable Entity 
 headers={'Server': 'nginx/1.18.0 (Ubuntu)', 'Date': 'Tue, 13 Dec 2022 08:25:03 GMT', 'Content-Type': 'application/json; charset=UTF-8', 'Content-Length': '69', 'Connection': 'keep-alive', 'Cache-Control': 'no-cache', 'X-Request-Id': 'e86b8170-9049-47fc-8e11-1e4e94f9bf1d', 'X-Runtime': '0.005936'} 
 body={"error":{"errors":["Cant find user by phone number: 628987544636"]}} 
 </msg>
<msg timestamp="20221213 15:25:03.759" level="FAIL">Url: http://pretest-qa.dcidev.id/api/v1/oauth/sign_in?phone=628987544636&amp;password=APIPrivyID&amp;latlong=8awydo3&amp;device_token&amp;device_type=1 Expected status: 422 != 201</msg>
<status status="FAIL" starttime="20221213 15:25:03.702" endtime="20221213 15:25:03.759"/>
</kw>
<status status="FAIL" starttime="20221213 15:25:03.701" endtime="20221213 15:25:03.760">Url: http://pretest-qa.dcidev.id/api/v1/oauth/sign_in?phone=628987544636&amp;password=APIPrivyID&amp;latlong=8awydo3&amp;device_token&amp;device_type=1 Expected status: 422 != 201</status>
</test>
<test id="s1-t6" name="TC6_oauth : /api/v1/oauth/revoke" line="51">
<kw name="POST" library="RequestsLibrary">
<var>${response}</var>
<arg>${Request_url}/api/v1/oauth/revoke</arg>
<arg>params=access_token=auhusdaw22xxx</arg>
<arg>expected_status=201</arg>
<doc>Sends a POST request.</doc>
<msg timestamp="20221213 15:25:03.815" level="INFO">POST Request : url=http://pretest-qa.dcidev.id/api/v1/oauth/revoke?access_token=auhusdaw22xxx 
 path_url=/api/v1/oauth/revoke?access_token=auhusdaw22xxx 
 headers={'User-Agent': 'python-requests/2.27.1', 'Accept-Encoding': 'gzip, deflate', 'Accept': '*/*', 'Connection': 'keep-alive', 'Content-Length': '0'} 
 body=None 
 </msg>
<msg timestamp="20221213 15:25:03.815" level="INFO">POST Response : url=http://pretest-qa.dcidev.id/api/v1/oauth/revoke?access_token=auhusdaw22xxx 
 status=406, reason=Not Acceptable 
 headers={'Server': 'nginx/1.18.0 (Ubuntu)', 'Date': 'Tue, 13 Dec 2022 08:25:03 GMT', 'Content-Type': 'application/json; charset=UTF-8', 'Content-Length': '91', 'Connection': 'keep-alive', 'Cache-Control': 'no-cache', 'X-Request-Id': 'c9416060-e068-4e66-b250-ed8e00c812d0', 'X-Runtime': '0.004011'} 
 body={"error":{"code":406,"errors":["confirm is missing, confirm does not have a valid value"]}} 
 </msg>
<msg timestamp="20221213 15:25:03.816" level="FAIL">Url: http://pretest-qa.dcidev.id/api/v1/oauth/revoke?access_token=auhusdaw22xxx Expected status: 406 != 201</msg>
<status status="FAIL" starttime="20221213 15:25:03.761" endtime="20221213 15:25:03.816"/>
</kw>
<status status="FAIL" starttime="20221213 15:25:03.761" endtime="20221213 15:25:03.816">Url: http://pretest-qa.dcidev.id/api/v1/oauth/revoke?access_token=auhusdaw22xxx Expected status: 406 != 201</status>
</test>
<test id="s1-t7" name="TC7_profile : /api/v1/profile/career" line="54">
<kw name="Random String">
<var>${random_auth}</var>
<kw name="Generate Random String" library="String">
<var>${random_auth}</var>
<arg>12</arg>
<arg>[LOWER]</arg>
<doc>Generates a string with a desired ``length`` from the given ``chars``.</doc>
<msg timestamp="20221213 15:25:03.818" level="INFO">${random_auth} = xpswenvjnrau</msg>
<status status="PASS" starttime="20221213 15:25:03.818" endtime="20221213 15:25:03.818"/>
</kw>
<msg timestamp="20221213 15:25:03.818" level="INFO">${random_auth} = xpswenvjnrau</msg>
<status status="PASS" starttime="20221213 15:25:03.818" endtime="20221213 15:25:03.818"/>
</kw>
<kw name="POST" library="RequestsLibrary">
<var>${response}</var>
<arg>${Request_url}/api/v1/profile/career</arg>
<arg>params=Authorization=${random_auth}&amp;position=QA_Engineer&amp;company_name=LandX&amp;starting_from=12-12-2022&amp;ending_in=12-12-2023</arg>
<arg>expected_status=201</arg>
<doc>Sends a POST request.</doc>
<msg timestamp="20221213 15:25:03.875" level="INFO">POST Request : url=http://pretest-qa.dcidev.id/api/v1/profile/career?Authorization=xpswenvjnrau&amp;position=QA_Engineer&amp;company_name=LandX&amp;starting_from=12-12-2022&amp;ending_in=12-12-2023 
 path_url=/api/v1/profile/career?Authorization=xpswenvjnrau&amp;position=QA_Engineer&amp;company_name=LandX&amp;starting_from=12-12-2022&amp;ending_in=12-12-2023 
 headers={'User-Agent': 'python-requests/2.27.1', 'Accept-Encoding': 'gzip, deflate', 'Accept': '*/*', 'Connection': 'keep-alive', 'Content-Length': '0'} 
 body=None 
 </msg>
<msg timestamp="20221213 15:25:03.875" level="INFO">POST Response : url=http://pretest-qa.dcidev.id/api/v1/profile/career?Authorization=xpswenvjnrau&amp;position=QA_Engineer&amp;company_name=LandX&amp;starting_from=12-12-2022&amp;ending_in=12-12-2023 
 status=401, reason=Unauthorized 
 headers={'Server': 'nginx/1.18.0 (Ubuntu)', 'Date': 'Tue, 13 Dec 2022 08:25:03 GMT', 'Content-Type': 'application/json; charset=UTF-8', 'Content-Length': '49', 'Connection': 'keep-alive', 'Cache-Control': 'no-cache', 'X-Request-Id': 'd7cc752a-5ad2-4705-8705-0fa1b03de64e', 'X-Runtime': '0.004099'} 
 body={"error":{"code":401,"errors":["Invalid token"]}} 
 </msg>
<msg timestamp="20221213 15:25:03.875" level="FAIL">Url: http://pretest-qa.dcidev.id/api/v1/profile/career?Authorization=xpswenvjnrau&amp;position=QA_Engineer&amp;company_name=LandX&amp;starting_from=12-12-2022&amp;ending_in=12-12-2023 Expected status: 401 != 201</msg>
<status status="FAIL" starttime="20221213 15:25:03.818" endtime="20221213 15:25:03.875"/>
</kw>
<status status="FAIL" starttime="20221213 15:25:03.817" endtime="20221213 15:25:03.876">Url: http://pretest-qa.dcidev.id/api/v1/profile/career?Authorization=xpswenvjnrau&amp;position=QA_Engineer&amp;company_name=LandX&amp;starting_from=12-12-2022&amp;ending_in=12-12-2023 Expected status: 401 != 201</status>
</test>
<test id="s1-t8" name="TC8_profile : /api/v1/profile/education" line="58">
<kw name="Random String">
<var>${random_auth}</var>
<kw name="Generate Random String" library="String">
<var>${random_auth}</var>
<arg>12</arg>
<arg>[LOWER]</arg>
<doc>Generates a string with a desired ``length`` from the given ``chars``.</doc>
<msg timestamp="20221213 15:25:03.878" level="INFO">${random_auth} = jpvgfxfquzmx</msg>
<status status="PASS" starttime="20221213 15:25:03.878" endtime="20221213 15:25:03.878"/>
</kw>
<msg timestamp="20221213 15:25:03.878" level="INFO">${random_auth} = jpvgfxfquzmx</msg>
<status status="PASS" starttime="20221213 15:25:03.877" endtime="20221213 15:25:03.878"/>
</kw>
<kw name="POST" library="RequestsLibrary">
<var>${response}</var>
<arg>${Request_url}/api/v1/profile/education</arg>
<arg>params=Authorization=${random_auth}&amp;school_name=SMK%203%20Yogyakarta&amp;graduation_time=12-12-2022</arg>
<arg>expected_status=201</arg>
<doc>Sends a POST request.</doc>
<msg timestamp="20221213 15:25:03.947" level="INFO">POST Request : url=http://pretest-qa.dcidev.id/api/v1/profile/education?Authorization=jpvgfxfquzmx&amp;school_name=SMK%203%20Yogyakarta&amp;graduation_time=12-12-2022 
 path_url=/api/v1/profile/education?Authorization=jpvgfxfquzmx&amp;school_name=SMK%203%20Yogyakarta&amp;graduation_time=12-12-2022 
 headers={'User-Agent': 'python-requests/2.27.1', 'Accept-Encoding': 'gzip, deflate', 'Accept': '*/*', 'Connection': 'keep-alive', 'Content-Length': '0'} 
 body=None 
 </msg>
<msg timestamp="20221213 15:25:03.947" level="INFO">POST Response : url=http://pretest-qa.dcidev.id/api/v1/profile/education?Authorization=jpvgfxfquzmx&amp;school_name=SMK%203%20Yogyakarta&amp;graduation_time=12-12-2022 
 status=401, reason=Unauthorized 
 headers={'Server': 'nginx/1.18.0 (Ubuntu)', 'Date': 'Tue, 13 Dec 2022 08:25:03 GMT', 'Content-Type': 'application/json; charset=UTF-8', 'Content-Length': '49', 'Connection': 'keep-alive', 'Cache-Control': 'no-cache', 'X-Request-Id': '40a8787a-c132-474f-9ab9-fe886adeecaa', 'X-Runtime': '0.003739'} 
 body={"error":{"code":401,"errors":["Invalid token"]}} 
 </msg>
<msg timestamp="20221213 15:25:03.947" level="FAIL">Url: http://pretest-qa.dcidev.id/api/v1/profile/education?Authorization=jpvgfxfquzmx&amp;school_name=SMK%203%20Yogyakarta&amp;graduation_time=12-12-2022 Expected status: 401 != 201</msg>
<status status="FAIL" starttime="20221213 15:25:03.878" endtime="20221213 15:25:03.947"/>
</kw>
<status status="FAIL" starttime="20221213 15:25:03.877" endtime="20221213 15:25:03.948">Url: http://pretest-qa.dcidev.id/api/v1/profile/education?Authorization=jpvgfxfquzmx&amp;school_name=SMK%203%20Yogyakarta&amp;graduation_time=12-12-2022 Expected status: 401 != 201</status>
</test>
<test id="s1-t9" name="TC9_profile : /api/v1/profile/profile" line="62">
<kw name="Random String">
<var>${random_auth}</var>
<kw name="Generate Random String" library="String">
<var>${random_auth}</var>
<arg>12</arg>
<arg>[LOWER]</arg>
<doc>Generates a string with a desired ``length`` from the given ``chars``.</doc>
<msg timestamp="20221213 15:25:03.950" level="INFO">${random_auth} = miraaxnrcvbk</msg>
<status status="PASS" starttime="20221213 15:25:03.949" endtime="20221213 15:25:03.950"/>
</kw>
<msg timestamp="20221213 15:25:03.950" level="INFO">${random_auth} = miraaxnrcvbk</msg>
<status status="PASS" starttime="20221213 15:25:03.949" endtime="20221213 15:25:03.950"/>
</kw>
<kw name="POST" library="RequestsLibrary">
<var>${response}</var>
<arg>${Request_url}/api/v1/profile/profile</arg>
<arg>params=Authorization=${random_auth}&amp;name=alfin%20wicaksono&amp;gender=1&amp;birthday=12-12-2022&amp;hometown=Yogyakarta&amp;bio=aku%20ganteng%20makasih</arg>
<arg>expected_status=201</arg>
<doc>Sends a POST request.</doc>
<msg timestamp="20221213 15:25:04.012" level="INFO">POST Request : url=http://pretest-qa.dcidev.id/api/v1/profile/profile?Authorization=miraaxnrcvbk&amp;name=alfin%20wicaksono&amp;gender=1&amp;birthday=12-12-2022&amp;hometown=Yogyakarta&amp;bio=aku%20ganteng%20makasih 
 path_url=/api/v1/profile/profile?Authorization=miraaxnrcvbk&amp;name=alfin%20wicaksono&amp;gender=1&amp;birthday=12-12-2022&amp;hometown=Yogyakarta&amp;bio=aku%20ganteng%20makasih 
 headers={'User-Agent': 'python-requests/2.27.1', 'Accept-Encoding': 'gzip, deflate', 'Accept': '*/*', 'Connection': 'keep-alive', 'Content-Length': '0'} 
 body=None 
 </msg>
<msg timestamp="20221213 15:25:04.012" level="INFO">POST Response : url=http://pretest-qa.dcidev.id/api/v1/profile/profile?Authorization=miraaxnrcvbk&amp;name=alfin%20wicaksono&amp;gender=1&amp;birthday=12-12-2022&amp;hometown=Yogyakarta&amp;bio=aku%20ganteng%20makasih 
 status=422, reason=Unprocessable Entity 
 headers={'Server': 'nginx/1.18.0 (Ubuntu)', 'Date': 'Tue, 13 Dec 2022 08:25:03 GMT', 'Content-Type': 'text/html; charset=UTF-8', 'Content-Length': '1705', 'Connection': 'keep-alive', 'X-Request-Id': '67042a07-4265-4299-bf17-ef092cfd4890', 'X-Runtime': '0.004797'} 
 body=&lt;!DOCTYPE html&gt;
&lt;html&gt;
&lt;head&gt;
  &lt;title&gt;The change you wanted was rejected (422)&lt;/title&gt;
  &lt;meta name="viewport" content="width=device-width,initial-scale=1"&gt;
  &lt;style&gt;
  .rails-default-error-page {
    background-color: #EFEFEF;
    color: #2E2F30;
    text-align: center;
    font-family: arial, sans-serif;
    margin: 0;
  }

  .rails-default-error-page div.dialog {
    width: 95%;
    max-width: 33em;
    margin: 4em auto 0;
  }

  .rails-default-error-page div.dialog &gt; div {
    border: 1px solid #CCC;
    border-right-color: #999;
    border-left-color: #999;
    border-bottom-color: #BBB;
    border-top: #B00100 solid 4px;
    border-top-left-radius: 9px;
    border-top-right-radius: 9px;
    background-color: white;
    padding: 7px 12% 0;
    box-shadow: 0 3px 8px rgba(50, 50, 50, 0.17);
  }

  .rails-default-error-page h1 {
    font-size: 100%;
    color: #730E15;
    line-height: 1.5em;
  }

  .rails-default-error-page div.dialog &gt; p {
    margin: 0 0 1em;
    padding: 1em;
    background-color: #F7F7F7;
    border: 1px solid #CCC;
    border-right-color: #999;
    border-left-color: #999;
    border-bottom-color: #999;
    border-bottom-left-radius: 4px;
    border-bottom-right-radius: 4px;
    border-top-color: #DADADA;
    color: #666;
    box-shadow: 0 3px 8px rgba(50, 50, 50, 0.17);
  }
  &lt;/style&gt;
&lt;/head&gt;

&lt;body class="rails-default-error-page"&gt;
  &lt;!-- This file lives in public/422.html --&gt;
  &lt;div class="dialog"&gt;
    &lt;div&gt;
      &lt;h1&gt;The change you wanted was rejected.&lt;/h1&gt;
      &lt;p&gt;Maybe you tried to change something you didn't have access to.&lt;/p&gt;
    &lt;/div&gt;
    &lt;p&gt;If you are the application owner check the logs for more information.&lt;/p&gt;
  &lt;/div&gt;
&lt;/body&gt;
&lt;/html&gt;
 
 </msg>
<msg timestamp="20221213 15:25:04.012" level="FAIL">Url: http://pretest-qa.dcidev.id/api/v1/profile/profile?Authorization=miraaxnrcvbk&amp;name=alfin%20wicaksono&amp;gender=1&amp;birthday=12-12-2022&amp;hometown=Yogyakarta&amp;bio=aku%20ganteng%20makasih Expected status: 422 != 201</msg>
<status status="FAIL" starttime="20221213 15:25:03.950" endtime="20221213 15:25:04.012"/>
</kw>
<status status="FAIL" starttime="20221213 15:25:03.949" endtime="20221213 15:25:04.013">Url: http://pretest-qa.dcidev.id/api/v1/profile/profile?Authorization=miraaxnrcvbk&amp;name=alfin%20wicaksono&amp;gender=1&amp;birthday=12-12-2022&amp;hometown=Yogyakarta&amp;bio=aku%20ganteng%20makasih Expected status: 422 != 201</status>
</test>
<test id="s1-t10" name="TC10_profile : /api/v1/profile/profile/me" line="66">
<kw name="Random String">
<var>${random_auth}</var>
<kw name="Generate Random String" library="String">
<var>${random_auth}</var>
<arg>12</arg>
<arg>[LOWER]</arg>
<doc>Generates a string with a desired ``length`` from the given ``chars``.</doc>
<msg timestamp="20221213 15:25:04.015" level="INFO">${random_auth} = yzomxsrhubrm</msg>
<status status="PASS" starttime="20221213 15:25:04.014" endtime="20221213 15:25:04.015"/>
</kw>
<msg timestamp="20221213 15:25:04.015" level="INFO">${random_auth} = yzomxsrhubrm</msg>
<status status="PASS" starttime="20221213 15:25:04.014" endtime="20221213 15:25:04.015"/>
</kw>
<kw name="GET" library="RequestsLibrary">
<var>${response}</var>
<arg>${Request_url}/api/v1/profile/profile/me</arg>
<arg>params=Authorization=${random_auth}</arg>
<arg>expected_status=200</arg>
<doc>Sends a GET request.</doc>
<msg timestamp="20221213 15:25:04.073" level="INFO">GET Request : url=http://pretest-qa.dcidev.id/api/v1/profile/profile/me?Authorization=yzomxsrhubrm 
 path_url=/api/v1/profile/profile/me?Authorization=yzomxsrhubrm 
 headers={'User-Agent': 'python-requests/2.27.1', 'Accept-Encoding': 'gzip, deflate', 'Accept': '*/*', 'Connection': 'keep-alive'} 
 body=None 
 </msg>
<msg timestamp="20221213 15:25:04.073" level="INFO">GET Response : url=http://pretest-qa.dcidev.id/api/v1/profile/profile/me?Authorization=yzomxsrhubrm 
 status=404, reason=Not Found 
 headers={'Server': 'nginx/1.18.0 (Ubuntu)', 'Date': 'Tue, 13 Dec 2022 08:25:03 GMT', 'Content-Type': 'application/json; charset=utf-8', 'Transfer-Encoding': 'chunked', 'Connection': 'keep-alive', 'X-Frame-Options': 'SAMEORIGIN', 'X-XSS-Protection': '1; mode=block', 'X-Content-Type-Options': 'nosniff', 'X-Download-Options': 'noopen', 'X-Permitted-Cross-Domain-Policies': 'none', 'Referrer-Policy': 'strict-origin-when-cross-origin', 'Cache-Control': 'no-cache', 'X-Request-Id': '9d64ec20-c9e0-40be-bd9e-7888683ecd6b', 'X-Runtime': '0.002790'} 
 body={"error":{"errors":["Oh uh Oh you'are lost ??"]}} 
 </msg>
<msg timestamp="20221213 15:25:04.074" level="FAIL">Url: http://pretest-qa.dcidev.id/api/v1/profile/profile/me?Authorization=yzomxsrhubrm Expected status: 404 != 200</msg>
<status status="FAIL" starttime="20221213 15:25:04.015" endtime="20221213 15:25:04.074"/>
</kw>
<status status="FAIL" starttime="20221213 15:25:04.014" endtime="20221213 15:25:04.074">Url: http://pretest-qa.dcidev.id/api/v1/profile/profile/me?Authorization=yzomxsrhubrm Expected status: 404 != 200</status>
</test>
<test id="s1-t11" name="TC11_register : /api/v1/register/remove" line="70">
<kw name="Random number">
<var>${random_numbers}</var>
<kw name="Evaluate" library="BuiltIn">
<var>${random_numbers}</var>
<arg>random.sample(range(628987544444, 628987544999), 1)[0]</arg>
<doc>Evaluates the given expression in Python and returns the result.</doc>
<msg timestamp="20221213 15:25:04.076" level="INFO">${random_numbers} = 628987544444</msg>
<status status="PASS" starttime="20221213 15:25:04.076" endtime="20221213 15:25:04.076"/>
</kw>
<msg timestamp="20221213 15:25:04.076" level="INFO">${random_numbers} = 628987544444</msg>
<status status="PASS" starttime="20221213 15:25:04.076" endtime="20221213 15:25:04.076"/>
</kw>
<kw name="POST" library="RequestsLibrary">
<var>${response}</var>
<arg>${Request_url}/api/v1/register/remove</arg>
<arg>params=phone=${random_numbers}</arg>
<arg>expected_status=201</arg>
<doc>Sends a POST request.</doc>
<msg timestamp="20221213 15:25:04.132" level="INFO">POST Request : url=http://pretest-qa.dcidev.id/api/v1/register/remove?phone=628987544444 
 path_url=/api/v1/register/remove?phone=628987544444 
 headers={'User-Agent': 'python-requests/2.27.1', 'Accept-Encoding': 'gzip, deflate', 'Accept': '*/*', 'Connection': 'keep-alive', 'Content-Length': '0'} 
 body=None 
 </msg>
<msg timestamp="20221213 15:25:04.132" level="INFO">POST Response : url=http://pretest-qa.dcidev.id/api/v1/register/remove?phone=628987544444 
 status=500, reason=Internal Server Error 
 headers={'Server': 'nginx/1.18.0 (Ubuntu)', 'Date': 'Tue, 13 Dec 2022 08:25:03 GMT', 'Content-Type': 'application/json; charset=UTF-8', 'Content-Length': '77', 'Connection': 'keep-alive', 'Cache-Control': 'no-cache', 'X-Request-Id': '3481def2-3ab7-40f9-9af5-62d4bf1cf1b1', 'X-Runtime': '0.005346'} 
 body={"error":{"code":500,"errors":["undefined method `phone' for nil:NilClass"]}} 
 </msg>
<msg timestamp="20221213 15:25:04.132" level="FAIL">Url: http://pretest-qa.dcidev.id/api/v1/register/remove?phone=628987544444 Expected status: 500 != 201</msg>
<status status="FAIL" starttime="20221213 15:25:04.077" endtime="20221213 15:25:04.133"/>
</kw>
<status status="FAIL" starttime="20221213 15:25:04.075" endtime="20221213 15:25:04.133">Url: http://pretest-qa.dcidev.id/api/v1/register/remove?phone=628987544444 Expected status: 500 != 201</status>
</test>
<test id="s1-t12" name="TC12_register : /api/v1/register/otp/request" line="74">
<kw name="Random number">
<var>${random_numbers}</var>
<kw name="Evaluate" library="BuiltIn">
<var>${random_numbers}</var>
<arg>random.sample(range(628987544444, 628987544999), 1)[0]</arg>
<doc>Evaluates the given expression in Python and returns the result.</doc>
<msg timestamp="20221213 15:25:04.135" level="INFO">${random_numbers} = 628987544598</msg>
<status status="PASS" starttime="20221213 15:25:04.135" endtime="20221213 15:25:04.135"/>
</kw>
<msg timestamp="20221213 15:25:04.135" level="INFO">${random_numbers} = 628987544598</msg>
<status status="PASS" starttime="20221213 15:25:04.135" endtime="20221213 15:25:04.135"/>
</kw>
<kw name="POST" library="RequestsLibrary">
<var>${response}</var>
<arg>${Request_url}/api/v1/register/otp/request</arg>
<arg>params=phone=${random_numbers}</arg>
<arg>expected_status=201</arg>
<doc>Sends a POST request.</doc>
<msg timestamp="20221213 15:25:04.194" level="INFO">POST Request : url=http://pretest-qa.dcidev.id/api/v1/register/otp/request?phone=628987544598 
 path_url=/api/v1/register/otp/request?phone=628987544598 
 headers={'User-Agent': 'python-requests/2.27.1', 'Accept-Encoding': 'gzip, deflate', 'Accept': '*/*', 'Connection': 'keep-alive', 'Content-Length': '0'} 
 body=None 
 </msg>
<msg timestamp="20221213 15:25:04.194" level="INFO">POST Response : url=http://pretest-qa.dcidev.id/api/v1/register/otp/request?phone=628987544598 
 status=201, reason=Created 
 headers={'Server': 'nginx/1.18.0 (Ubuntu)', 'Date': 'Tue, 13 Dec 2022 08:25:03 GMT', 'Content-Type': 'application/json; charset=UTF-8', 'Content-Length': '22', 'Connection': 'keep-alive', 'ETag': 'W/"bccfa9d7d069d86a4e5ec455bbd5d967"', 'Cache-Control': 'max-age=0, private, must-revalidate', 'X-Request-Id': 'e2970c0c-e4cf-421a-80e4-71738a29a4ff', 'X-Runtime': '0.007611'} 
 body={"data":{"user":null}} 
 </msg>
<msg timestamp="20221213 15:25:04.194" level="INFO">${response} = &lt;Response [201]&gt;</msg>
<status status="PASS" starttime="20221213 15:25:04.135" endtime="20221213 15:25:04.194"/>
</kw>
<status status="PASS" starttime="20221213 15:25:04.134" endtime="20221213 15:25:04.194"/>
</test>
<test id="s1-t13" name="TC13_register : /api/v1/register/otp/match" line="78">
<kw name="POST" library="RequestsLibrary">
<var>${response}</var>
<arg>${Request_url}/api/v1/register/otp/match</arg>
<arg>params=user_id=${user_id}&amp;otp_code=55223</arg>
<arg>expected_status=201</arg>
<doc>Sends a POST request.</doc>
<msg timestamp="20221213 15:25:04.250" level="INFO">POST Request : url=http://pretest-qa.dcidev.id/api/v1/register/otp/match?user_id=AWO7813&amp;otp_code=55223 
 path_url=/api/v1/register/otp/match?user_id=AWO7813&amp;otp_code=55223 
 headers={'User-Agent': 'python-requests/2.27.1', 'Accept-Encoding': 'gzip, deflate', 'Accept': '*/*', 'Connection': 'keep-alive', 'Content-Length': '0'} 
 body=None 
 </msg>
<msg timestamp="20221213 15:25:04.250" level="INFO">POST Response : url=http://pretest-qa.dcidev.id/api/v1/register/otp/match?user_id=AWO7813&amp;otp_code=55223 
 status=500, reason=Internal Server Error 
 headers={'Server': 'nginx/1.18.0 (Ubuntu)', 'Date': 'Tue, 13 Dec 2022 08:25:03 GMT', 'Content-Type': 'application/json; charset=UTF-8', 'Content-Length': '72', 'Connection': 'keep-alive', 'Cache-Control': 'no-cache', 'X-Request-Id': '3db561da-45a2-4c3c-a935-0499b30a950b', 'X-Runtime': '0.005195'} 
 body={"error":{"code":500,"errors":["Couldn't find User with 'id'=AWO7813"]}} 
 </msg>
<msg timestamp="20221213 15:25:04.251" level="FAIL">Url: http://pretest-qa.dcidev.id/api/v1/register/otp/match?user_id=AWO7813&amp;otp_code=55223 Expected status: 500 != 201</msg>
<status status="FAIL" starttime="20221213 15:25:04.196" endtime="20221213 15:25:04.251"/>
</kw>
<status status="FAIL" starttime="20221213 15:25:04.195" endtime="20221213 15:25:04.251">Url: http://pretest-qa.dcidev.id/api/v1/register/otp/match?user_id=AWO7813&amp;otp_code=55223 Expected status: 500 != 201</status>
</test>
<test id="s1-t14" name="TC14_register : /api/v1/register/" line="81">
<kw name="Random number">
<var>${random_numbers}</var>
<kw name="Evaluate" library="BuiltIn">
<var>${random_numbers}</var>
<arg>random.sample(range(628987544444, 628987544999), 1)[0]</arg>
<doc>Evaluates the given expression in Python and returns the result.</doc>
<msg timestamp="20221213 15:25:04.253" level="INFO">${random_numbers} = 628987544655</msg>
<status status="PASS" starttime="20221213 15:25:04.253" endtime="20221213 15:25:04.253"/>
</kw>
<msg timestamp="20221213 15:25:04.253" level="INFO">${random_numbers} = 628987544655</msg>
<status status="PASS" starttime="20221213 15:25:04.253" endtime="20221213 15:25:04.253"/>
</kw>
<kw name="POST" library="RequestsLibrary">
<var>${response}</var>
<arg>${Request_url}/api/v1/register</arg>
<arg>params=phone=${random_numbers}&amp;password=KapanOnePieceTamat&amp;country=Indonesia&amp;latlong=zxcwssss&amp;device_token=${token}&amp;device_type=1</arg>
<arg>expected_status=201</arg>
<doc>Sends a POST request.</doc>
<msg timestamp="20221213 15:25:06.050" level="INFO">POST Request : url=http://pretest-qa.dcidev.id/api/v1/register?phone=628987544655&amp;password=KapanOnePieceTamat&amp;country=Indonesia&amp;latlong=zxcwssss&amp;device_token=token1234&amp;device_type=1 
 path_url=/api/v1/register?phone=628987544655&amp;password=KapanOnePieceTamat&amp;country=Indonesia&amp;latlong=zxcwssss&amp;device_token=token1234&amp;device_type=1 
 headers={'User-Agent': 'python-requests/2.27.1', 'Accept-Encoding': 'gzip, deflate', 'Accept': '*/*', 'Connection': 'keep-alive', 'Content-Length': '0'} 
 body=None 
 </msg>
<msg timestamp="20221213 15:25:06.050" level="INFO">POST Response : url=http://pretest-qa.dcidev.id/api/v1/register?phone=628987544655&amp;password=KapanOnePieceTamat&amp;country=Indonesia&amp;latlong=zxcwssss&amp;device_token=token1234&amp;device_type=1 
 status=201, reason=Created 
 headers={'Server': 'nginx/1.18.0 (Ubuntu)', 'Date': 'Tue, 13 Dec 2022 08:25:05 GMT', 'Content-Type': 'application/json; charset=UTF-8', 'Content-Length': '285', 'Connection': 'keep-alive', 'ETag': 'W/"e919bd670991305d20899e55f4eaf367"', 'Cache-Control': 'max-age=0, private, must-revalidate', 'X-Request-Id': 'ebe170d4-c7fd-4a52-b60a-1f8d874e5c29', 'X-Runtime': '1.727479'} 
 body={"data":{"user":{"id":"89f6fba0-f479-4038-b69c-540c3bf7c8ef","phone":"628987544655","user_status":"pending","user_type":"normal_user","sugar_id":"SG07453","country":"Indonesia","latlong":null,"user_device":{"device_token":"token1234","device_type":"android","device_status":"grant"}}}} 
 </msg>
<msg timestamp="20221213 15:25:06.050" level="INFO">${response} = &lt;Response [201]&gt;</msg>
<status status="PASS" starttime="20221213 15:25:04.253" endtime="20221213 15:25:06.050"/>
</kw>
<status status="PASS" starttime="20221213 15:25:04.252" endtime="20221213 15:25:06.051"/>
</test>
<test id="s1-t15" name="TC15_uploads : /api/v1/uploads/cover" line="85">
<kw name="Random String">
<var>${random_auth}</var>
<kw name="Generate Random String" library="String">
<var>${random_auth}</var>
<arg>12</arg>
<arg>[LOWER]</arg>
<doc>Generates a string with a desired ``length`` from the given ``chars``.</doc>
<msg timestamp="20221213 15:25:06.052" level="INFO">${random_auth} = hziumijxztec</msg>
<status status="PASS" starttime="20221213 15:25:06.052" endtime="20221213 15:25:06.052"/>
</kw>
<msg timestamp="20221213 15:25:06.052" level="INFO">${random_auth} = hziumijxztec</msg>
<status status="PASS" starttime="20221213 15:25:06.052" endtime="20221213 15:25:06.052"/>
</kw>
<kw name="Get File For Streaming Upload" library="RequestsLibrary">
<var>${file}</var>
<arg>N:\\Privy_Test\\src/../image jmeter/dw.png</arg>
<doc>Opens and returns a file descriptor of a specified file to be passed as ``data`` parameter
to other requests keywords.</doc>
<msg timestamp="20221213 15:25:06.053" level="INFO">${file} = &lt;_io.BufferedReader name='N:\\Privy_Test\\src/../image jmeter/dw.png'&gt;</msg>
<status status="PASS" starttime="20221213 15:25:06.052" endtime="20221213 15:25:06.053"/>
</kw>
<kw name="Create Dictionary" library="BuiltIn">
<var>${files}</var>
<arg>image</arg>
<arg>${file}</arg>
<doc>Creates and returns a dictionary based on the given ``items``.</doc>
<msg timestamp="20221213 15:25:06.053" level="INFO">${files} = {'image': &lt;_io.BufferedReader name='N:\\Privy_Test\\src/../image jmeter/dw.png'&gt;}</msg>
<status status="PASS" starttime="20221213 15:25:06.053" endtime="20221213 15:25:06.053"/>
</kw>
<kw name="POST" library="RequestsLibrary">
<var>${response}</var>
<arg>${Request_url}/api/v1/uploads/cover</arg>
<arg>params=Authorization=${random_auth}</arg>
<arg>files=${files}</arg>
<arg>expected_status=201</arg>
<doc>Sends a POST request.</doc>
<msg timestamp="20221213 15:25:06.157" level="INFO">POST Request : url=http://pretest-qa.dcidev.id/api/v1/uploads/cover?Authorization=hziumijxztec 
 path_url=/api/v1/uploads/cover?Authorization=hziumijxztec 
 headers={'User-Agent': 'python-requests/2.27.1', 'Accept-Encoding': 'gzip, deflate', 'Accept': '*/*', 'Connection': 'keep-alive', 'Content-Length': '63758', 'Content-Type': 'multipart/form-data; boundary=b22ae1fbcf5559c2277d4a2f3933c89e'} 
 body=b'--b22ae1fbcf5559c2277d4a2f3933c89e\r\nContent-Disposition: form-data; name="image"; filename="dw.png"\r\n\r\n\x89PNG\r\n\x1a\n\x00\x00\x00\rIHDR\x00\x00\x01$\x00\x00\x01K\x08\x02\x00\x00\x00\xf09f4\x00\x00\x00\x01sRGB\x00\xae\xce\x1c\xe9\x00\x00\x00\x04gAMA\x00\x00\xb1\x8f\x0b\xfca\x05\x00\x00\x00\tpHYs\x00\x00\x0e\xc3\x00\x00\x0e\xc3\x01\xc7o\xa8d\x00\x00\xf8\x14IDATx^\xec\xbd\x07`\x1c\xd5\xb5\xff\xef\xdf\xef\x95\xbc\xeaU\x1aV\xef\x92\xab\xa4\xed\xabU/\x96\xac\xde{]I\xab\xde{\xb7\\d\xd9\x96\x8bl\xe3\x02\xa6\x18L\xef=\x84\x16\x08\xbd\x85\x84\x90\x90\x00\x86\x00\x06\x9bf \xed\xf1{\xed\xcf\xff\x9c{f\xaeF3\xbb\xab\xb5-\x1bAt\xde\xf7\xdd\x9c9\xf7\xdc\xbb\xab\xd9\xfb\xe1\xdc\x99-^6\xf3\xfc\x11P\xda\xd1&lt;\xd2\x1b\x12;\xea\xe5\xb5o\xd92\xe1`\xe1\xec\xcd7\xdf&lt;q\xe2\xc4\x1f\xfe\xf0\x87+\xbc\xbda\xfe\xc1\xc1\xc1\x9f&lt;\xf8\x93\x13o\x9f`zK\xd4\x89\xb7%\x11OO\xcfO?\xfd\xf4\xf4\xe9\xd3\'O\x9e|\xf7\xddwa\xec;\x17\xd7\xe0\t\x9f8\xf1\x16\xfc?\x1d\xa0\xde~\xfb\x9dw@\xd0\x90A\x17\x889\xe8S/\xfc\x15o\xbd}\xe2-\xea\x828\xf31N\t\xe2\xa1(\x9a\x99M\xcaZ0I/\t\xcf\t\x98\xad&gt;\xe8\xc4\xff\xe7\x8f\xeeX\xb6&amp;\x07\xd9\x9f\xff\xc5\x17_\xfc\xf0\xc3\x0f\xc5\xf9\xa9_\xdar\xcd=|\xfb\x9d\xb7\xde\x82\x17\x11\xfff&lt;\x89\xe0\x8b}\xe8\xb3s\n\x92\xc7Y\x10F\x81\x8f!\xa1Gp\x84\xa5\xc1\x84Y\x12\x1f%\xbc4L\xec\xa4\xb0\x08\x1b+\xf8\xf2!\x92C\xc9X\x1a"\n\x9f)&amp;@::\xc29\x92\x1a\x9b\x1c\x9f\xb0d\x14\x08"d\xcb\xa4\x8c]\x17\x11\xf1`_\x1f\xf97\xa7\xa4\x00\t\x87\x96/\xa7\xc3\x051\x9a\x9f`\xbb5-\r\xe6?\xec\xe2\x82\xb0\xfd\x04a\x93\xd25\xfb\xd7\xb3\xc8b\x84M8\x95h\xf0\xcc\xe1i\x8a\x11\x0c\xb2L\xe1\x90\x88\x02\x83\xf1\x94\r\xfd\xf0\x12\x80 \xc6\xd3Psf&amp;\xe1\x00\x89l\xbd\xc6\x12c/7\xfc\xbfl\x12\xa50W\xe2\x90\xe1@|\xa2&lt;0\xd7\x00\xb6S\xa7N97\xbfD\x1c6vR\xd0g\xe7\x07\x1d1B\xc6\xe3d0\x98\x1c\x9cF\x98Mp\xe6\xac\x0e\x9cc\xee!\xfe\x01,\x99\x9d\x8eY\x91\xc1\x1f I\x96\x89\xe6\x17\x1e\x97MB&gt;\x18{i\xd8\x9c\x90\xc9g\x93\x19\xfeI4\t\x98t\x1e\xd4l\xe1\x02\x0c`\xf5\x13` \xf2\x1f\xdd\xb2E\xe8&gt;o\x9b\x9d_\xa5\x02\x91\xff\xcc\xee\xdd\x02l`\xec\xcfeg\x02y\x93\x9e\x92E\x07\x1b\x9dk\\\x97,\x82&amp;\x9cP:`\xf9\xc2+G\xb0\xc1`\x82\x8d\rab\xbcQ\x8e \xf6BJ"\x98&gt;G\x0c\x06\x16\xb7k\x90\xc1\xe6\x07\x93\x0cDQ\x84Z;r8\xff9\xc3F\xe7\x02\x04+\x0f\\\x88\x92O\xc6}\x9a\x94|0\x1c\x82\xa7\x1a\x1eY\x9cJ\x94di\xd8\x10\x9eF\xca\xc4\x17H\xb09A\xc5\x10.\xca\xc1\xc7\xc5\'\x8d\xe4\xe3_\xce\x0e\xd1!\x9f&amp;\xb4i\xac\x97\x8db-\x7fP\xa69\xbbD\xaaf$\xd8C\n\xd1\xf3\xb3e\xa2e\xe7fK\xe7\x87=$\x90\xf3\xf1\xc7\x1f\x03l\x0f\xc26\x12l\xf6\x8f\x96\x17\xb7\xc5\x00\x1b\xbeDt\xc6\x85S\xcfN\xf7\x9c\xb3\xc9\x82\xece`\xcf[x\xe5H\x1c6L \xde\x94\xb0Ig\x9e\x8d\x8b&gt;\x9e\n:td\x90\x82ivy\xc0\x94\xb9&gt;\xb5\xa0y\xe6\x17a\xe3&lt;\xd3(.0Y\x84\x89*\x1b\x91\x86\x8f\x81\x7f!\xfal)\x0b-\x8b@6\x8f\xa0\xc3\x0eq\x0e&gt;\x95B\xe2\x02a\x92P\xc4N2\xfc/\x06\xc9G\xe1\x10\x1c\xc4\xd3\xa4\xe2s\x82\xf0q!\x88C\xf0\x19\xb3\x17\x85\x19\xf3\xf1\x81\xa8\xcb\xa69\t\xdb9\x98@\x123!$\x1a\x05\xd5\xc9\xeb4I!\x01\xea\x00:\x848\xbff\x93\xc0\xf6\xa0\xf4\x040\x7fqW6t\xe6\x9cG\x86\r\xbc\xc6\xf8\xe4\xc5 \x98$A0|\xd5\xd9K\x85\x13"\x12R\xdefg&amp;#G\xec\x95\x97\x1d\x96\x89A\x06-\xce\x83\x86\xa9\x90vV\xc5G\x18\xc7\x96\x11;`\xc6\xba\xf8\xfc\xef\x9c \xd8\xb0\x83=\x7f\xc9@\xa5$q\xb1\xb2\x11?\xe4\xd3`\x8a\x90#\xf42\xd1!\xc5\xb1\x1b\xff_&amp;\x0cJ\x16\x08N#=\xc4\x08\xfe1h\xe0\xa0h \xf3gs\xe0@:D\x9c\x1c\x1f\x17\x0f\xf1\xe9\n\x0e\xf7!\x93\xa6\xb5g\xec?\x160\x0f\xfe\rs\xed\xdca#xB\xa3C"s\xc37X\x13\x82\xb4\x81\xc4\x12\x19\xf8\xe19\xfa\xbc\x81\xb4\xb4\x96\x04MR\xa8\xb4K\t\x9b\xb0\x8d&lt;!\x00&amp;\x9e\x80Y\xde\x16\x19l\x92\x17oVB\xa5\xc2\x1cy/\x1a\xfc-\xe8\xb3\xd7\x89\xcd\x03-$\xd3:\xa6\x1c)ls\xc62\x83\xb1\x12\x18\x04\x96\xd0\xc3\x87&amp;1\xdep\x18.)\xe5&lt;J\x9fL\xf4\xe7\xcc/yV\xe2\xfc/\xbe\xf8\xc2,l8?\xf5r\xc9\x0e%b\xc5\x8d\x1b\x9eJ[\xadM\xc3\t\xf8&lt;\xb3\xc2\xa0\xb8:\xf0/\xe5&gt;?\x84fV4J\xf4\x95\xc9\xdc\'\xb1\xc7e\xc9\x18\x14\x1e\r\xc5\x1c2\x16\xb5e\xf0\xc7\x08\xa3\x84\xd9\xb8\x7f.\xb0!d"&lt;\xe0\xa4Z\xd7\x1b\xe2u&lt;BVTZ\xc4\xb2\x96%\xd5\xc5\x15\re\x9b\xd2\x8c&lt;\xc1fe\x83\xb3\xfd\xc0\x03\xf7\x83~\xfd\xebW\xe9O\x87s\xc0O\xc3\xa2\xacl`\xfcl\xc2+1\x0b\x1b\xbe\x12\xf8b\xa0\x98\xe1\x1f\xc2r\xe0\x8f\x11\x8cM\t\xc9x\x8f\x04\xf31\x99\xcf\xcc|6\\"hD\x18\x90\x04i\x1a\xce&amp;\x08f\x83\x10&gt;\x01J Q\x9aT\xca\x08\x0eq&lt;?\x83\xedC\x0c\t\xf3S/\x19\x9bA.\x16\xc7\\xbs{f\xc5\x164\xb56\xd3\xe4\xc7$\xb2\xd9\x08.\x130v\xf6\xd8\x92A\xe1\xb4\xf8\x0711\x9f\x12HB\x8ex(\n\xa7E\xd8h8\x19\xf8\x98)\xf8\xf8@\xbcKi\xec?\x1cs\'\x04C\xe7\\`\xe3\x06\xfc\xac/K\xd0G\xeb9HJC\xde\xaa\xe2\xa2r\xcc\xf3\xc2\xb6g\xcf\x9e\'\x9f|\x12X\x02\x9a\xe04\xcc\x9e\xb3\x05\x82\xcd\xd1\t\x9a\xcf\x18 \x12\xd8\xf8K(\x08{q\x8d2\xd8\xb8\xcdI\xc3\xbfg\xd6\xf8\x10\x08\x8b/\x9e\xcd\xca&amp;\x91\x08\x83\xb8\xaf\x03\x17\x0cZ\x9c\rE\xb3a\x02\x05)\x81\x8c\'\xdb\x17\x9b\x1f\x93\xec\xcc?\x076a~.\xca\x94:\xa2pb\xb6\xacqG \xf6BC\x7f,\t&amp;\xe4-:\x8aI\xe4\xe2&amp;\x8b\x8b\xab\x06\xa6"Q\x9c\xf9B\x17\xcc/\xc9g\x92\xcd#l#\xe9l\x08O\x89\x8c\xf9\x10\x17\xbal\x9a\x046|\x8dY\xdd\xa6C9$E5W\x0b\xde|\x86\x14e\xa7\x86\x19\xd5\x0eH\x03\x83\xde\xe8\xec\xc8\x84\xc28\x07\xb0\xd1\xfbl\xd7^{\xedW\xcc .\x9c\x15Q\x8b\xba\xb2\xe1)\x15{\xe7\xc2\x06\x86\xabV\x94\x10b\xf66\xd44\xe1\x9aM\xf2\xca\t3\xb3ig\x05\xc6\x1c\tl\xc8\x83\xb0\xdcg\x1f\x82\xe2,\x01\x93\x85Q\x82\xc4If\x8dw\x89\x92\xc0\x06\x0bS9?\xc1\x86\xa9\xb3\xf3\xdb\x9aG&amp;\xcce\x7f\x17{1\x850:"Z\xe4K\x0f1"\x9dY\xf9(\x14\x91\xb6(q\xbd\x88\x13R\x9c\xf9&lt;.8\xe2\x10\x85p6\xa4\x05\xce\x02\xd57LfF&gt;\x08&amp;\xc1\xc9m\x19\xeb%\xd8h\x12\x9a\x16|\xb09\x9c\x00i\x97_\xf3sgx\x03rb\xd7\xaf7FE8&amp;\r\x0c\x12\x12\xf2\xe3\xa2\xd3\xa2\x1d\xc0\x86\x95\r\xcf\xc1[_2{\xff\xfd\xf7\x84s&amp;j1\xc0\x86\xaf\x12\x9dw:\xe3\x82\xb1\xa5$\x1a\x9cUJ\x03c\xaf\x08Fp]2G\xe8`F\xa4A\x02{\xd9D\t3K"R\xc9`\x13\x97;\xb1\xc1\xc4\x1c\x8c`2\xeb\x95\x8a=[\xdbb]\x8e\xe6G)`c\xa3\xa43\xc8\x1d0\xc8\x84\\q\x99*\x05S\xf1V&amp;\x9c\x83\xa6R\x8a\x8c\xfb\xe8\xe0J\x01\xc3s\xcb&amp;d\x7f\nJ\x0cR|\xd6\x17\x86\x93\x84IH\xc4\x06\xf7\xe1\xf5\x12\x9e\x12\x18s\xf0\x0c\xd84\xf6\xe22o\x0el\xa4YT\x80\xb1\xff\xf8\xaf\xaf\xcbjw\xce\x0b\x1b`\x13\xa6\xd1E\xc5\xc4\x07\xafZ\xed\x0cl\xc6\xd8p\x8dq\xf6\xa2\xce^ec\xc2\xe5\xc2\xef\xfb\xf3\x13\xb3\xe8n\x90\x08\'\x94\x19&lt;C\xdc-\x08\t2\xc3E\x89\xc2\xb5\x0b\xc6^k4\x9c\x05\xe3\x82\tSA\\\x98y\xce\x8b$H\x06\x03U\x1e\x811.\x19lv\xa6BI\xbb\x98o\x136\xc9\xfc\xce\xc16\xd7\xc7D|\r\x85?M*\x9cDd\x8c;R\x1f\x13\xa4\xd3J%\x8f\xe3\xa3\x80\xd1c\xc1@\x08R\xcb\x1c\x8aS\x8e\xf4PH\xb0+2\xf4\xe1%c\xf8\x81+&gt;=\x9b&amp;\xa4\t3\xb0\x17Z\xf0!.\x00\x00\x80\xfd\xcf\xff\xf7\xf5\xf4\xe1W\xc0y\xe4\xa9\xd3\xc4\x9b\xbb\xbb;\xf5J\r\x98I\x88O\xd4\x84\x195j\x93\x8f\xb7\xbfc\xd8\xa07t\xad\xc6h4\x87\xac\xd3:\x07\x1b\x9c\x0e\x94\xd4\x01-j\xd8\xe0T"6\x10aY"s\xb3/9\xf6\n\x0e\xfeE8Vp\xf0\xb5\x17_\x0c\x9c\t\xba\xb0W\x1a\x94\n\xf3\xd1#\x18(\x88s"c\x18&amp;\x9fy\xec\xf9\xd0(\x12{\x9e\x8e}\x1c\xae\x98\x9f=U:\xb4\xb5\x8d\x94\x89\x8c\x1c\x16\xc1D\xf8\xa3l\xb1$\x8d\xf0\t@\xb3A\x928\xd5\x1c\xcd\t\x8a\xcb\x04\x85\x11\xfc3\xd8XJc\xbe\xd0+\xcc9;\x84O\xe2Pl\x1e*V\xfc\xe9\xe1\xd8\xb9\x86/)M\x08&amp;\x8c\x85!\x14\x14`\x03\xb4\xbe\xfe\xfa\xeb\x0f?\xfa\xeb[\x7f\xf8\x12\x9cK\xaf\x10v\x92\xff\xf3\x87\xeb\x19\x1ds\x0c\x98\t\xf0^\x15\xec\xbb\xd6\xdb\xdd\xef\xc7?X!\x85\r|\xe9aKK+\x1c\x06x\xaf\x0c\xf4Y\xbd&amp;p\xf6\xd2\xce\xfe6r\x8e\xd8k,\xf8\xe7\x0c\xdb\x03\xcc^{\xed5\xe1\xf8\\\x8d\x9dF\x0e\x1b;\xdd\xef\xbc\xf3\xc2\x0b/\xc0\xe4\x8f?\xfe3\\\x8b\xf8\xd2\xc2k\x80\xcf\x17s\xc4s\x8db/\x0c\xfe\x1do\xbd\x85\xc2\x04\xc9\xe1\\\xb1\x99a\x08&amp;&lt;p\xff\xfd\xa0\xd7~\xfdkaB&lt;!0!\xcc\xc7`\xa0\xe5\x8e$C2N\x8b3\xd0\x03\xd1\x93\x81D\x1ed-\xe6\xb3\xe7\x03\xfe\x0b\xcf?\x0f\x93?\xfe\xb3\x9f\t\x8f(\xce\x8f\x1e\xd1+\x9b\xff\xad\xb7^|\xe1\x85S\x1f~(\xcc\xcfz\x85\x99\xe9\x99\xb3\xa1\xf8\x97\xb2Cz\xf2\xbf~\xf5U!\x01\x1e\x85\x04i\xbcE\x07\x07\xb1\x87`\xa2L\xf6$@\x8a\xf9\xd9yx\xe7m\xfe\xe4)\x1f\x87@79\xf87\xe0XA\xf4\x00|r\xcag3\xf3!\\,\x19\x1fBX6\xbf\xfe5\xe5\x0b\x930\xb1\xc2%\xac\x01| n,\xc2z)\x13L\x18\x02\x828\xcc\xb3\x0c\xb8\xfa\xcf\xff\xfa\xfa\xd9\x97&gt;\xfa\xdd\x89?\xfe\xf1\xaf_O\xee\xfd)\x91\x06\xf6\xd9[\xb7\x90#5`\xc6c\x85\x8f\x97\xab\xdf\x8f\xbe\x7f\xc9\xf7\x97\xff\xd0\xa01!a\xcc\xc2\xf5\x91\x91\xa6(\xf2=\xdc=\xfe\xfd_\x97\xff\xd0\xe5\xc7\x97\xfc\xd0\r\xf2!"\x8c\xb7\r\xdbO\xe0\xef&amp;\xcd\xf9\xeb\xc5\xc89\xc3\xc6\xefp\xbe\xf7\xde{B\xe8\x9c\x0c\x9e0&gt;\x13&lt;\xef\xec\xb4\xe2\xcb\x85/\xc9\xcd7\xdf\xfc\xf2\xcb/\x7ft\xfa4&gt;M\x04\x00\xce5\xe4\xccyy\xb0\x8b\xbf\xcc\xdcQ\xfa\xac\xc5\x97P\xec\x9a}\xf2\xef\xbe\x8bS\xe1\xd9`\xcbg.l\x94Lw\\D\x1f\x9e\xa1dZqBZ|x\x9e\x19\x0c\xfc\xc9\xe3&lt;\xf2\xf9\xc5\xbfB2?\xc0\xf6\xe1\x07\x1f\xe0l\x90e{~\xf1qO\x9c\x98\xbd\xb7\xfc\x87?\xc0!\xadE:u\xa2\x0f\x93\xc0\xd9\xa4WX\x9c\x8a\xb5l\x1e\\\xa1B\x17\xc5i~\x96/}\xf2\x18\xe7\x93\xc0X\xf0\x05c\xaf\x17\xfb_\x1a&gt;\xc7a\x99(H\x10&amp;g\x87ho\xcb\x9f&lt;e\xb2.\x10\x90\x83PA\x9c\xcd/\xb48\r\'m6\x99\x1czh\x84\xed\x7f\xfe\xf7\xeb\xdf\x9f\xf8\xe3\xbd\x8f\x9e\xfe\xf9\x8bg\x06&amp;\xee\xe6\xb0\xd9\xdbF\xfe\xc0\xe5G?P\xfd\xe8{\xff\xf8=\xb7\x1f{m\x08/(Lh\x04\xfd\xfd\xdf\xfd\x83)4vm\xa0\xe6\x1f\xff\xf1{\xff\xf0\xf7\xff\xf0\xbd\x7f\xfc\xa7\x7f\xfe\xa7\x7f\xf9\xf7\x7fU\x01\x90?\xfe\x81\xeb\x8f~\xf0c\x18x\xc9\x8f/\x81\x19\xecm#gO\x18\x13\x1dB\x0b:g\xd8\xf8\x1d\xce\x0f&gt;\xf8@\x08\x9d\x93\xe1\xeb&amp;\xadl\xec\x85y\xfc\xf1\xc7\xe1\xf5\x86\xc9\xbf\xfc\xf2K\xe9s\x17\x91\x13O4{u\x05\x1f\x12\xd8!\x18\xb5\x90\x8cA\x1a\xc8$\xe6\xbf-y\xf2\'\xd9h\\\xe58\xa9\x046\x010hYP&lt;\x84\xd9\x84iq\xa0\xe4q\xc1gzG\xfa\xe4)G&gt;\xbfP\x1bg\xe7\x7f\xf1\x85\xe7\xb1\xb2\xf1\xf9%\x13*\xe6\x97&lt;\xf9\x93\xf8\xe4\xb1\x8b\xc4W\'==\x11*\x1aE\xf3\xe03\xe1\x13B&amp;&gt;\xb5\xd9\xf9\xc1\x81\x9a6{\xe6%\xb0\xcdNB&gt;\xfe5\xc2!Ep\x12\xc6\x89\x10\x84\x07b\x11\x940\x1c\x9f\xac\xf4\xc9\x8bq\xea"\xc3C\x817\xf6\x87\x80\xcd%\x8d\x92\x85\x16\x1f\x88\xcd/l#\xbf\xf8\x8f\xaf/\xbb\xfe\xcd;~\xfa&gt;\'\r\xcc\x1el\xff\xf6/\xff\x0e\xa4\xa9\xfe\xfd\xfb\x91\xa1\xc9\x9c\xb4\xd0`\x9dv\x8d\xd9\x18\x12\xf3}\xd5\x0f\xff\xfe\xef\xfe\xee\x1f\xff\xe1\x1f!\x07\xc0\xfb\x97\x7f\xfa\xd7\xef\xfd\xfd?\xfd\xfb\xbf-\x0f^\xb9\xf2\xb7\xbf\xfd\xedK/\xbd\xf4\xf4\xd3O?\xf7\xdcs\xbff\xbb\xa3\x8f&gt;\xfaHz\xcd6{b\x98\xcfu&gt;\xd7lx\x7f\xf3\xcb/a\xa0p|NF\xe7\x13\xfe\x9f\x0eP\xec\x9c\xc2\xf3\x87\xc9?\xfb\xecSx\xca\x84\x8d\xd0\xce-n\x82\xe0o\xa1\x17\x9b.\x84\xc4d\x12&amp;@\xcbnp0AsB|\xf2\xef\xe3!\x8ebq0)l0\x9c\xf0\xa0\xd9\xf0ueq\xe9\xcb/\xc4\xc5g\x05\x13\x9d8\x01e\x81=\xf9\xcfhF|z\x8c6|\x0c\x19\xccl~\xbcf\x9b\x85\x8d\x9e3\x1b(N\xc8"\xe2#\xf2\'\xff\x1e&gt;y\xec\x92\x89-S\x8c\xb3\xc7\xa3!89&gt;m\xcc\x17\xba\xe8\t\xc1!=\x7fv\xde@\xfc\xc9\x0bg\x00\xbah\x12|\xce\xe0\xd3p!\xc2\x9f\x9e8\xbf\x90&amp;D\xc4VHf]\xf4\xe4\xdf\x87\r\x11;\x0f\xf8\x87\xa2\t\t\xe4\xb3Uas\xeb\xc8\r\x0fi~p\x84\xdd\x1d0F\xa2C\x07\x06\xb0\xb9\xa8\\\xfe\xe9{\xff\xbc\xca/\xac4\xa9\x9d\xc3f\x0c\x896\xac\x8b\n\x0f\x8d\xf5q\x0f\xfc?\xcb\x96Aq\x03\xb9,\xff\xc1\xf2\x7fu\tX#\xdcGy\xf4\x91\xc7^x\xfe\xa5W~\xf1\xcb\'\x1e\x7f\xe2\xde{\xee}\xec\xb1\xc7^}\xf5\xd5\xee\xee\xee\xfb\xef\xbf\xef-X\xca\xf8\xa4\xe6\x08\x9e&amp;i\x91\xdd \x11\x16\n\x9eJq\x89\x0b\x0b\x1d\x84\xaf\r\x7fy\xe8\xd4\xa3\x8f]\xec\x95f\xc9L\x90\xc6\x97\x17\xce\x83kB\x98V|\x85\x84|\x9a\x04O\x05\xc2 \x1a\xa5Q\x0e\xb2\x81\x9d4\n\x9f\x89d\xac\x18g\x0f*N.\xce\xcf\xa7\xc2\x05\x8a\xc6\x02h\x98,\x99_\xbcf\x13\xe6\x17\x1e\x08\x13i~\xfa\xbb\x84\xa9\xc4\x08\x9e\x0f\xcca\xfe\\\xb1?\x96\x8dbS\xcc\x99S&lt;\x14\xd2\xd8\xa1\xf8\xfc\xf1)I\x92\xe1\x18\xd3\xc4\xc7\xa5\xb1B\x0bcEa\xb2(\x9e&amp;\xcc :6\xe3\xecA\xf1\x19\xda\x92,.=\x9c\xf5\xf9\x84\xb3\x97R\xce\x1b\x90\xe3\xe7\xb12\xc9\x90\xbf\xc1TD\xa4\xad\t\x08S\xaf2\xe9\xd7F\x01o\xea\xd5&amp;\x97\x7f\xff\x01\x04\xdd/\xf1\x0e\xf0^\x1d\xb8&amp;8\xb3)\x95`\xbb\xef\xfe\xfbo\xbf\xf5\x8e\xfb\x1ex\xf4\xe3\xd3\x9f\x9c&gt;\xf5\xd1\xaf_}\xed\xd1G\x1e\xb5Z\xadW^y\xe5\x0b/\xbe\xf0\xdao^{\xe3\xcd\xdf\xb3?\x91\x9dA\x89\x16\x1dl\xf4Bb\xcb^$\xa1E\x87\xd6(\x1b$\x9ck|\xa5\xc5\xd3\x8dC\x84 8\xf0\x87\xf2\xa5\xccfCa\xd7\xdc|\xc9T\x02\x0f\xe0\x08&amp;d\xce\x15&gt;\x07q\x86\xd98\x7fh6NxVLb\x10\xa7\x93\xcd\x8fi\xe2&lt;/&gt;/l#\xf1\xc9K\xe7\x17[&gt;\x0fF\x98\xf0q\xc8A_\xfc\x1b\x99\xc3s\x04\xc1\x0c83=C\x96\xc0"\xb3\x82\x81\xb28\x1f%&lt;\xae0\x96e\xa2\x84\x99\xf9\x10\xf6\xd0\xacw\xf6\x15\x91:\xd2\xb8\xf0W(&amp;\x97\xf8J\xc7\xa6\xe0\x89\x08O\xe0,`\x03`\xb8iWG\xe4\xc7\xd7\x11ik\x834\xa1\xc1\xfa\x90 \xadvuxh\xb0\x01\n\x1a\\\xb9\xf9{\xad\\\x1b\xa4\x85*\x07\x1bH\xd5\xf2\xef\xff\xeb?\xff\x9bJ\xe5r\xdf}\xf7\xfd\xec\xf1\xa7n\xb8\xe9\xce{\x1f|\xfc\x83\x93\x1f~t\xeac@\xee\xddw\xde{\xec\xb1\xc7\xef\xb9\x1b\xff\xef\xe7?\x7f\xe2\x17\xaf\xfc\xe2w\xbf{\x1d\n\x1d\xfc\xdd\\\x8b\x0f6\\\xac\xccA\xc0\xf0\xb5\x11[\xf62KN4-V\xe1\xf5\xe3q&amp;\xf8\xd3(\xce\xa7b/9\x05%\xf9Rc\xa3D\x13B4J\x1c\xfb\x0e\xa0\xcb\xe7g\x93\x8b\x8fB\x13\xe2\x88\xd9\x849O\x8cu\xd9\x9b\xff\xed\xb7\x01\xb6\x0f\xe1\xd2w\xee\xfc(\x98\x84\x08\x14\xe2\xc2\x9f\xcc|q\xb8D\xf8_\x0cr \x9d|\xe5\xd3`#)M\x9c\x1f\x83B&amp;\xf31a\xce@\x10\x8e\x15F\xc9\xc42Ix\x9e\xd9\x9c\xb3]L\xc2\x84\x14\x17\x83\x98\x8f\x7f\x1a\xce,\xb6\xf6\xc4{\xc9\xa1\x96\t\xce\tT\xb6\xadm:\x01&amp;\x87\x06\x80\xe9\xd6\xab\xf5\xeb\xb5\xbe\xab||\xfc\xf0\xee"\x91\x16\x12\xac\xd7\xad1\xeb\xd7F\x9aBc\x8c!\xb1@\x1a\x04a\x87\xb9: l\x95_\xa8\x87\x9b\xf7\xf2\xe5*_/?\xc8\x87I\x9ex\xe2\x89{\xee\xbb\xff\xd6\xdb\xef\xb9\xf4\xc857\xder\xcf\x7f\xfe\xbf\xff\xfc\xaf\xff\xfc\xaf3\x9f~~\xea\x83\xd3\xa0\xdf\xff\xee\xcd\x87\x1ez\xf8\xb6\xdbn\x87K\xb8g\x9e}\xe6\xd5W\x7f\xf5\xc6\x1b\xbf\x87%\xbe(a\xc3\x15\x83/\xb9\xe0;\x12\xbeZ i2\xf3\xf1\x15%_\xd25\xfb\x02\xcb^-\xa9\xe0\xb5\xc7\xc1s\x8d\xc6r\x12h\xecl\\X\x91\xe8\xc0\xc3\x89&gt;\x89\x0eg\xa5\x9c\x9f\xa5\xd16rn&amp;\xf6I\xe7\x07a\xf2\x1c\xf6x\x8fBb\xb2t\xb8D\xd0\xccM\x98},\xec\xc3^\xbbc\x05\xcd\x19\xce%\xfeE\x82 \x81r8\xde\xb28=\xdc&lt;\xe29\xdc\x99\xab\xb7\xdf&gt;\x0b\xd8\xc23\x0c\xeb+\xe2#\xb3M\x9aHM\x98F\x03\x11\xcd*\xb3v\x8d\xd9\xb0.\xda\xb8.\x1a\xca\x1a\x90\xb6\xb3\xf7j\x80\r\xea[H\xb0\xee\x92\xef\xbb\xaf5\xad1\xa7\xcc~\xde\xff\xe5\x97_\xbe\xe9\xa6\x9b\x9ex\xe6\x85+\xae\xbe\xee\xc0\xe1c\xb7\xdc~?\xc0\x06\xfa\xec\xd33\xc4\xdb\x07\'OA\xa1{\xe1\xf9\x17\xef\xbe\xe7\x9e\xdbn\xbb\xed\x91G\x1e~\xe1\x85\xe7_{\xed\xb5E\n\x9b\xe0H}i\x10E\xaf\x96\xf0\xb21\tq1\xc83i\xac\x90F\tL\xec\xf1e\xaf\x1c\x8b0$\x84\x8d\xa88\x8a\xe7\xe0X\x1bq(\xbdBDH\x90\x0c\x91\x0bia\xf3\x8bS!l\xf8\x15\x1b\xec\xe5Aq\x12\xf6\x94\xd8(1"\x99J.1\x19\xe6\x11g\xe0\x12\xe26\xe7\'\xbax&gt;\xf3\xd9\xf3\x14f\x9b+\x1c2\'\x9fI\x9ec\xef\t\xcf\x01\x1b\x8cwq\xe3\x11\xa5\xb8\xe1!&gt;.{\x1aN\xc1\x06\xb4\xac5\xaf\x0e\x8d^\xabM\x0c5l\xd0\x98\x12L\x9111kW\x87\xad\rR\xc3E\x1a\x945cH4\xd54RxX\xdcJ\xbfu\xaa\x7f\xfb&gt;\x945N\x1a\xd8\xeb\xaf\xbf\xfe\xf0\xc3\x0f\xdfv\xd7=w?\xf0\xd0\xd1\xab\x90\xb7\x1bo\xbb\xef\xff}\xf5\xff\xfe\xfb\xbf\xff\xfb\x8b\xcf\xbf&lt;\r\xfbJ\x86\xdc\xfb\xef}\xf0\xf6\x89?\xfc\xe6\xb5\xd7\x1fy\xe4\xb1[o\xbb\xed\xee\xbb\xefruu\x85\xe1\xef1\xfb\xe6a\x9bsZ\xe7\x11\x9de\xa9hq\xd0\x0b0w\xa1\xe0\xccB\x9a\xf8\xf2Hr\xb0w\xaeXH\xcc\x9f\xdb5;\x8f\x18\xc1\\\x14\xfd\xc7\xdb\xce(\xa5\x84d\xf6\x87\x8b_\x1ee\xf193\x88\x93\x83\x18\x0f\xd0\xceF\xe6\x88l\xd6\xa7I\x84\xd9\x98\x84\xf3C\x87\xecq\xa5\xf94\xffl\xaf\x9c4\xb2\xd9\x88lr\x10\x1b\xc2s\xe0\x08\x13$\xf3\x08]\x18\xb71\xbfTB\xe6\\Q\x90Z\xc1\x11\x1f\xd7\xb9\xca\x06\xc0\xac6\xac\x0cO3\x1a\xd6k\rq\x06}\xa4!\xdc\x1ci\xd4F\xac[\xa9Q\xaf2\x02l\xc4\x1bT9\xcd\xea\xf0\xb0\x95\x86U~!p\xcd\xa6\xfa7\x17)i`\xbf\xff\xfd\xef!\xf2/\xff\xf2\xaf\x8f&lt;\xf5\xdc\xf1\x9bo\xbf\xfc\xca\xe3\xfb\x0f\x1f\xbb\xee\xc6;\xbf\xfa\x8f\xaf\x80\xb7\xcf\xcf|\xc1y\xa3\x12\xf7\xe6\x1b\'^\xfb\xcd\xef\x9e{\xfe\xc5\xc1\xc1\xe1\xbb\xef\xbe\xe7g?\xfb\x19\xbc\xdeP\xe8\xde\x82g\x8f/\xe7\xc53\x06\x1b\x1a;\xa2\xf3\xf87\')l\xdf\x9c\xe0%p\x00\xc0\xa2\xd6\xfc\xb0\x01\x1e\x81k\x03\xf4\t\xda\x88\x14\xb3\xd6\xa4\xd3\xe8\xb5z\x93\xde\xa8\x0b\xd7k\xc2\x01\xb65\x81j\x00L\xb76\x027\x93!\xd1a+\x8dA\xbek\x03\xbdW{\xbb\xf9\xaf\xf8\xa1[\x80\x9f\xfc\xeb\xdb\xc9\xe1\xb91\xfa\r\x13[v\xdf\xfb\xc8\x13\xd7\xdcp\xcb\xe5W\x1d\xdf\x7f\xe8\xeako\xb8\xe3?\xfe\xe3?\xfe\xe7\x7f\xfe\xe7\x8f_\xfe\xe9\xf4)\x817^\xe2~\xf7\xfa\x9b\xbfz\xf57/\xbe\xfc\xcbG\x1e}\xe2\x8e;\xef\xbe\xe3\x8e;\x1f{\xec1x\xe1\x7f\xf3\x9b\xdf\xb0\xb78.\x861\xd0xe\x03\x83s\xf77g\xfcg\x11\xbeQ\xa3\x85\xbb\xf8\x0cj\xa0P3\xed\x9aS\xb0y\xf8x\xea\xa2\xb4\x86(\xa3Z\xa3\r\tSk4:u\x88&gt;l\xad\x0ea\x0bP\xaf\r\xd4\x84\xad2bM[e\\\xed\x1f\x16\xe4\xb3\xc6\xc7=\xf0\x92\x1f\xb8\xc1@\x99e\xc5V\xe4%\xd6@\x19\\\xbbR\xf3\xc8\xf3\xaf\\\x7f\xe7}\xc8\x1b\xd4\xb7CW\x1f\xbb\xee\xf6\xbf\xfc\xf9/P\xdf\x80\xb7\x8fN}\xccy\x93\x96\xb8_\xbc\xf2\xea\xf3/\xfc\xe2\xa9g\x9e\xff\xc9\x83\x0f\xddv\xdb\xedw\xdf}\xf7\xd3O?\r[S\xe1O\xb9\x906\x176\xe1?T\xe7$2Y\x90Kj\xb2.\x9br&amp;\x8d\xe7\x90\xc9\x82\\\xd2\x88m\x9f\xc1\x86_\x1e\xe5\x11\x85\xa4]R_\x16\x91:`\xe4\xdb\x934\x81\xfb\xe4P;\xaf\xc8\x94AYdV\xf0B\xc3&gt;R\x14\x98\xb4\x96\xd2@L\x12\x84\xb7\xb8\xc4\x04\xda\xa53\t\x91Y9\xf7Mm\xe0de\xf0\x9a5kB\xd7\xae\r[\xb3:t\xddju\xc8jM\xc8*\xcd\xda \x84\r.\xcf`\xdf\xb8\xda?\x140\x0b\xf0^\xe5\xe7\x19Dh\x05\x87\xae\x82\xf6\x87\xcb/\x01\x99\xd5\xf1\xa9\xd1\xf9 \xb8\x9c\x83\xcb&lt;\xf7\x1f{\xf7l\xdcr\xff\xd3/^{\xdb]\xbc\xbe]q\xcd\xad\x7f\xfa\xe3\x9f\xfe\xf7\x7f\xff\xf7\xcf\x7f\xfa\xcbG\xa7gy\x03\xc9J\xdc3\xcf\xbd\xf4\xc4\x93\xcf\x1e:t\xf8\x8a+\xaex\xe6\x99g.B}[8\xd8\xa4"\x93E\xa4\x87\\\xb28\x994\xb2 \x92\xcd);\xe4\xdbH\x8aS\xab\x94\xbd\xf8\xd9J9\x8f4"\xf5\xed\x89\x8c\x1ci\\\x16\x91\xfa\x82\xc4\x17z\xd6\x18r\xd4\xcb\x8e\xc4\x95\x80\x1c\n\xb0\xb1\xca\xc6\xc4\x82J\xde\x9c\x86-\xc8o\xf5\xca\x80u+\x03CV\xa1BW\x05\x84\xac\n\x08]\x1d\x80\xb7\xf8\x016\xc0\x0c\xb6\x8e\xee\x97x\xc3\xee\x11\x92W\xab\xd7\x94\xb7WtOv\x11l\xde^\xbe\x81\x01+\x817\xf5*\x93n\x8d\x19*\xa1\xea\xdf~\xe0\xf2\xc3\x1f&gt;\xfd\xc6{7=\xf8\xd85\xc4\xdb\x95\xc7/\xbd\xec\xda\xcb\x8f\xdd\xf2\xd9\xa7g\xa0\xbe\xfd\xe5\xcf\x7f\xfd\xf8\xf4\'R\xde\xa4%\xee\xc1\x9f&gt;2&lt;&lt;\xd2\xd3\xd3\xb3g\xcf\x1e\xb8\x90{\xf3\xcd7\xd9_~\x01\xed\xc2\xc0fS6\xe7\xb7\x19\x04Q\x9cZ{"\x93\x05Ad\xb2\xa0M\ti\xb6\xae\xd9\x84.[&gt;\x994"s\xb8\x94\x11.{]\xd28\xf7\xc9l\xc6\xa5\x87\xd2\xa0\xf2\x10\x1d\xe1\x85F\x8a\x98\x848\xb8R\x8a\xc8\xc4\x1c\xd4,oL\xc4\xe4\xec\xb4N\xc1\x06\x06\xd8@\x11[\xe5\x1f\xaa\x14\xf0\x16\xe0\xb5\x120\xf3vE\xd2L\xeb\xcd\xa3W\x0e\xee\xbfq7\x08\x0e\xff\xe1\xef\xfeau\xb0~\xc5\x0f=tk"\x807SHL\xb0\xefZ\x88GFE\xde\xfe\xd8\x93\x8f\xfc\xfa\x8dk\xef}\x88x\xbb\xea\x9a\x1b\x8f\\q\xfd\xe1\xabn:u\xea\xa3\xff\xf9\xef\xff\x81]\xe5\xe7g\xbe\x00\xcc&gt;&lt;y\xea\x83\xf7?\x04\x81\x03%\xee\x8e\xdb\xef\x04\xccz{{\xb7m\xdbF\x1f\xfd\x16\x19\xb8\x80\x86\xac]\x10\xd8d\xb3\xc9\x0e\xa5\x11r\xa8\xb5\'\xea\xa5V&amp;\n\x92\xf1\x08\x18\xef\x92:\xb6\xfd\xb9\x95M\xdekK\xd4%m\xa5\x8eL&lt;\xce\x1d\xa5x\x17\x992\xae\x94\xb2K\x19\x91\t_nL\x9a\x83\x90\xd0\x05\x00\xcd\x85\r\xcc6i\xd8!\x8c"9\xfd\x83?\x80\x07p\xb5&amp;\x10\xef\x88\x80V\x07\xa8\x81=p \x18\xe4\xbb\xd6c\x85\x8f\xfb\x8f\xbc!\'\xa90\t\n\xda\xf8\xc1!\x82M\xf5/?\xf8\x87\xbfG\xd8@\x11\x9a\x84\x08u\x02\\\xday\xb2o\xdc\xbc\xf2\xca+7\xdfv\xfbS\xef\x9c\xba\xe3\xe9\x97\xaf\xbd\xf7\xa7\xd7\xdcv\xf7\xf5\xb7\xdcq\xfc\x86\xdb\x8e\x1e\xbb\xf9\xe0\x157\xfc\xe2\x97\xbf9s\xe6\xcc\x15G\x8f677\xb5\xd6\xd5\x85\xadZu\xe0\xc0\xa5?\x7f\xe2\xc9\xbd{\xf6\xb6\xb6\xb6\xf6\xf7\xf7OMM]\x7f\xfd\xf5?\xff\xf9\xcf\x7f\xf5\xab_\xbdvalM@\x80\xe0\xbd\xf6\xda\xafE\xa3C\xe8\x82?\xc1\xa6Q\xc2\x05\xb5\x8b\xf3(J{\xf2\xc9\'a\xc5\x08\x07\xdfi\x13_hh\x7f\r\x07\xaf\xfd\xfaU\xe6;0\xd6\x8b\xa3X&gt;\r\x14"\xb3\xe6,l`\xb4\x98\xc0&lt;]\xfd\xe0\xda\xcc\xdfk\xa5\xd7\n?(YBt\xd9\xb2\xc4\xe2\x04 m\xfb\xf1M\xdb\x8fl\x05\xd2.\xf9\xb1\xdbr\xd5\xf2\xbf\xff\xbf\x7fO\xb0\x85\x87\xc5\xea\xd7E\x02\xa2\xae?\xf2\xa0\xdb\'\xb0\x03\xbc\xfd\x89g~\xfe\xce\xe9\xeb\x1f}\xea\xda\xfb\x1f\xbe\xfe\xae\xfbn\xbd\xf3\xde\x9bo\xbb\xfb\xd8u\xb7\xdfq\xff\xa3\x13\x13\x1b76\xd4\xbfl\xb1|T]\xfd^E\xc5C\xc5\xc5\xbd\xe5\xe5555\x1b7n&lt;~\xfc8`\xf6\xfb\xdf\xff\xfe\xe4\xc9\x93\xf0\xdf\xda\x0bd@\x94\xe0\x9d:\xf5\xa1h\xf4\x97B\x97\x03Q\x0e\x0c\xa2\xa1\xa2d&amp;\x8bK\x13\xa4\xf1S|*\x9a\x16Lm\xc0o\xe2\x8a]\x0e\xcc\xe6\xe4R\x93\xc5\xe1P\x19\xe1\xed\xa9W_}\xf5\xb3\xcf&gt;\x93\xa4I\x93y\x10LpV\xb3_\xcd \x03\x9f\x82\x12\x93\xe6s\xdf\x81\xc9\xd2\xa4\xc3e\xad\xd2l\x0e$\x83C.:\xc4\x97\x9b\xf9`\x1f\xc2\x01\xd3\x07b\x02\xb3\xd9\x040\xf0y\x9a\xe8S\xb2\x90F\xed)G\xb0\xd9\xfc\x8a\r\x98p\xfeD[\r\x1b\xc4\x9cp\xc0\x0c\x00\xdbw\xd7\x0e\xaai\xff\xf4\xf7\xff\xea\x15\xe8\x99Z\x95\xb2\xc2\xc3\x15s\x82\xf5!\xc1:\xdd\xda\x88uAZ(\x83\xbe\xee\x81&gt;n\x01P\x94n\xbb\xfb\x9eG\xff\xf0\xd1O~s\xe2\xf8#O\xdd\xf8\xe0c\xb7\xde\xff\xd0\xbd?y\xe8\xb9\x17~q\xddMw\x8e\xb6\xf7\xbc\xc7H\xfb\xb2c\xc7_\x06\xae:\xdd\xb2\xf5\xc5\xa2\xa2\xd5+.\xa1\x07=7\xc3\x9a\xef\xb4A&gt;\x91\x03&gt;m#)\xe2\x8c\x9ak&amp;\xd8@\xe9.B\x90$\xce\x8d|!A\xd6\x05\xf9dy\x85yE\xa5E\xa9\x99\xa9\x04\x1b\x188b2\x8e\xda\xd3\x9c"\xd3h~(\x88z\xa5\x99s\x0f\xa9\x95\xc9FP\xbc\x1b)\x8fK\x84\xa3\xe8\xb9\x81\xfdN\xbd\x16\x04\xce\xdc\x1c!Ml\xa5\x87`\x14\x91\x06\xa5\x87\\\xb2C{\x92\xa5)\x0f\xc1\xb8\xcf\xe3x(\\2\xc0F\x90\xdf`\xe4\xfb\xc3\xd9-"3vGD&amp;\xcc\xa4\x1ct\x84i\xcf\x05628\x89\x91\xe9\xb1Y\x96\x1c\xc0\x8cD\x98y\\\xe2\xf3w\xff\xe7\xef\xc1\xfe\xcf\xb2\xff\xeb\xea\xe9\xee\xee\xe1\t\x99T\xdc\x02\xbd\xd7\xc0\x9e\x13\x7fU\xc1gm\x80\xd7*x*\xb03\x99\xb9\xe9\xce\x9f\xbd\xff\xd9-\xcf\xff\xea\xa6\xc7\x9f\xbd\xfd\x91\'\xef}\xf8\xf1\xcf\xbf\xf8\xf2\xf2\xa3W=TW\xdfq8-\xe1\xd6\x84%-\xc9\x81\xb2\xef\xce\xe6*\x7f\xa0\x1cD\x8e4\x0ei\x87\x9e=t\xff\xaf\xee\':\x98\t\x000\x91I#\x00\x97@\x0b3\x817\x06\x9b\x947\x02\x923\xc62\x99(\x8d\rA\xde\xc0\x85&lt;G\xb0\xfd\xcf\xefn\x17&lt;[\x06\x08\xfd\xf0\x92\x1fU\xf7Tq\xd8\xfe\xf5\x9f\x97\x03`\x10\xff\xbb\xff\x8b\xadw\x80w\xcd@M|F\xc2\x8f]p\xd3H\xbc\xad\xf4[\xb7\xd2w]\xa0\xcf\xea\x00\xaf\x95\xef\xbd\xf7\xdeo\x7f\xfb\xdb\xda\xa6\xe6\x87\xde\xfb\xec\xc1\x13\x1f\xde\xfc\xdc/o\x7f\xf2\x85\xfb~\xfe\xdcg\x9f\x7fy\xcd5\xd7\xbcRU-=\xa7KZ\x92L\x04\x12\x01\xd6\xf4H\x13W\xdf\xcf\xfb\xb8\xcf\xf1#\xe4\xda~\xda\x8ax\x08\x80\t\\\xd9\x93\xa4\xb8\x81\xd9\xe5M\x10\x96&gt;\xa4\x8bZ\tlB\x02$;\x84\xedu\x1b\xbfAB\x06\xf0D\xe7D\xbb]\xe2\xfeC\x97\x1fA\xf1\xfa\xc1\xf7\x7f\xa0R\xa94\x91Z}\x9c\xde\xc5\xc5\xc5\xc3\xdd3\xbf\xa4h\xeb\xe1\xad\xdb\xaf\xdb\xb2\xe3\xeam\x89\xe9I\x90\xaf\x0f\t\xd7\x87\x99\xf5\xa1(\xf5Z\x83.$\x1c\xae\xb8\xde\x7f\xff\xfd\xda\xda\xdac\x0f?\xf1\xf0\xfbg\xee\xfe\xf5\x89;_\xfc\xf5\xfd\xcf\xbfr\xf2\xa3O\xee\xbf\xff\x81\'++\xf0\x9c\xde&amp;\x11;\xc5\xa7\xc9N-\xe9oZ\x1f\x7f\xf41\xe8\x93\x8f?\xf9\xec\xd3\xcf\xce|v\xe6s\xf8\xbf\xcf\xce\x9c\xf9\xf4\xcc\x17\xf0\x7f\x9f\x9eA\x1f\xc2\x9f~\xf6\xe9G\x9f~z\xfa\xd3g\xdez\xa6\xff\xf1~\tos\xa0\xb2\'dE\xe4\r\x8f\x88(\x1b\xbc1c]\x82X\x02e2\xcc\xb0\x7f\x1e\xd8.\x90I\x7f\x83\x04\xa8ikk\xdbu\xe0\xd2\x87\xde\xff\xec\xa1?|r\xf7\xaf\xdex\xe0\x95\xdf&lt;\xf6\xf2k\xaf\xfd\xee\xf7;\xcb\xcb\x05\xd8x+\x83\xed\x83\xa5\xf6o\xb2\x15IC\xcc\xce\x08\x98\xfd\xf5\xaf\x7f\xfdZa\x7f\xfe\xe3\x9fO\x9f&lt;\xfd\xc9\xa9O&gt;9\xfd\t\xb4O\x7f\xf0\xb4\x827\x84\xc5\xa6\x10-&amp;\xe2\rq\x91"7\x0b\x1b\x08\xfe\x97\xf0\xe3\xb0\xe18N\x1a\\\x00\x92\xb3l\xff\xc5\xb5\x07\x1ex@\xf6\x83?\xbd\xbd\xbd\x07\x0f\x1e\xbc\xe5\x99\x97\x1e=y\xe6\x817\xde\x7f\xe0\xd57\x1ey\xf5w/\xbf\xf1\xf6\xce={\x05\xcc\xb8d\xb0-\xe9oUX\xd1&gt;\xfd\x04H\xfb\xe2\x8b/lb\xf6\xd5\x7f\x7f\xc5u\xf2\xd4I\xbc\x8f\xfc\xc1\x87O\x9f|\x1ax\xa3U\xc4\xae\xdf\x04\xae\x94\x026\x98\xd0\x01f\x887F\x1aFD\xa2\x18`\xf8\xa9h\xa1\x13\xd9\xa3 \x13&amp;\xe0l8\x0f\x9b\xe1\xede\xf8&lt;.\xae\xbd\xfb\xee\xbbR\xd8\x06\x06\x06\xae\xbf\xfe\xfa\xe3\xb7\xdc\xfa\xd8\xc93?{\xef\xd3\x07_\x7f\xe7g\xaf\xbf\xfd\xcbwO\x8f\x8co\x14`\xe3\xad\x0c6\xc7\xff\xfd[j\xbf{-\xe8#\x814\xd8$~\xfe\xf9\xe72\xd2\x9e:\xf5\x14h\xea\xb9\xa9{\xdf\xb9W\xca\xdb\xeb\xbf\x7f\x1d\x96\xdcs\'\x9f{\xee\x83\xe7v&gt;\xb7\x13V\xd1\xa1g\x0f1\x12@d\x02f\x14a\x9c\xa0\x10-F\x1d\xf1\x86\xacQ}\x9b\xc3\x1b}\xa5\x88\x8d"\xc0D\xd2\xa0\xc5T\xcc\xc4/\xf5^\xd8mdET\x04I8f\xa6\xfc)\xbb\xbb\xef\xbe\xfb\xbe\xfb\xee\xbd\xf3\xf9W\x9e8\xf9\xd9\xa3\'&gt;|\xfa\x0f\xa7n~\xe0\xa1\xf6\xf6v\x013.)l\x9f\xbeN\xdax\xe4\xd6\xde=GA_}\xfd\xc0\x03/\xddD&gt;8p\xf8\xd5\xd7wt\xec8B:\xfd\xe7\x07@\x95\xc3\x07\x8f?r\xc3\xe4\xd5\xb3\xb2\x8c\x1f\xfd\xe2\xabgA7=~\xb74^9r\xf4\xf4\x17\xcf\n\xa2\x97yI\xdf\xb8\x98\xc1\xa6\xf1\x93O&gt;\xf9\xf2\x8b/\xdf\xfa\xec-b\x0c\xe8\x02\xc6\xc8I\xbb3\r\xc4a\xe3\xceo~\xff*P\x00\xbb\xca\x07^{\x80\x16\x12R!\x18\xc7\x8c\xc4\xb0\x11\xbe\xcb#\x88\xb0\x11\xc5(\xb2\xc1\x1b\xfe\xaa\x00#\r\xe7!#\xd2.8l\xc0\xd8\xf5\x93\x9b\xba\x8a\xf2\xa1\xad\x89\x89\x12\xa26\x7f7\xf2\'?y\xf6\xd9g\xf7\x1c&lt;\xf4\xe4\xc9\xcf\x9e|\xef\xe3\'\xdex\xaf\x7f``hhH\x80\x8d\xb7\n\xd8\xd2\xba\x0f\x82\x080M\xe9n\x10\x91F\xce\xea\xdc\xddD\x1a8\x80\x19\x97\x14*\x80\xcd5i\x92Zi\x1c`\x83\xc8\xf1\x87\xef\x16`s\xfc_\xdc\xa5\xf6"\xb4\xa2\x01l@\xda\x9f\xfe\xf8\xa7\xff\xfe\xaf\xff\x06\xc0\x003\x02\x8c\xca\x9a\x14\xb6\x8eG:@/\xbd\xfa\x12\xf8\xef\x9e\xfa\xc3\xeb\xbf{\xfd\xc3\xf7&gt;\xfc\xe8\x83\x8f\xe8\xcaMDK*\x01&lt;d\x06\x19\x03_\x80M\xf4\xb1E\xd2D1\x96D\xde\xe0\x7f\xe8\x909\x18d\t\xe4@\xf0B\xc1&amp;%\x8dZ^\xdf\x94\xb0=\xf8\xe0O^{\xed\xb5\xee\xee\xee\xbb\x9fy\xf1\xb9\x93\x9f\xee;zeOO\xf7\xf44\x96\xfb\xd9\xb2&amp;\xf2&amp;\x9crV\xd3\x804pX\x11{\x80\x00#\x9fx\x03\xc6\xa0\xb8\x81\xee}\xfe\xb8k\xfc$\x88\xea\xdb\x17_\xdf0\xab\xaf\x9e\x05\xa8@P\xd9\xbe\xf8\xfaJ.`\x0cH\x13x\x83\x17{I\xdf\xb8\x98\xd1\xbdG\x84\xed\xcb?\x01i_|\xf5\xc5\xe8\x93\xa3\xb40@\x0f\xfcA\xa8Zw\xbcu\x07\xc8|\xa3\x19\x94w&lt;\xefk\xa0\xf2\xbf\xbf~\xec\xd7\x8f\xbd\xfb\xf6\xbb\x12\xd8\x04\xb4$\x8e D\x84\x99\x043\xae9\x87\x9c:\x06\x1b\xabl\xc2\xeeQ\xb8~\x03\xbb\xe0\x95-]\x13\xc6I\xbbzb\xb49\'s$\'\x87\xea\x9bM\xd8\xdex\xf3\x8d}\xfb\xf6\xdd\xf7\xd0#\x8f\xfc\xe2\xb5\xde\xde\xde\x89\x89\x89\x1bo\xbc\x01O\x1c1&amp;\x92\x06\x12\xce:\x83\rD\xb0\xf1jF\xb0Q\x04\x18#\xd8@\xb0{\x84\x9a&amp;\x83\xed\xa5\xf7\x84\xca\x86\xa4\xc1f\xf2\xeb+_z\xef\x18\x945\x82\x8dx\xc3\xfd$\xbc\xd2\x0e\xfe\x8b\xbb\xd4^\x84\x16\xc4\x0c`\xfb\xe2\xf3/\x00\xb6\xaf\xfe\xfc\x15\xc1\xc6\x17\x06\x90&amp;\x85\xed\xf4\x9fOs\xd8\x9e\xfd\xc3\xb3\x00\xdb\xb1\xe7\x8f\x01l\xa7\xde?e\xbf\xb2\x91\x00\x17\xd8\x16\xa2\x18*\x08\x0c\x8b\xcbZ.&lt;\x14\x91\x13H\xc3!\x12\xd8\xd0\xbf\xa0\xb0\x01iE\xb1\xd1\xc4[O\xca\x86\xb1\xbc\\*n\xb6`\xc3\x7fX\x03\x8a\xdb\x93O&gt;y\xc5\x95W\x8d\x8f\x8f\x1d&gt;|\xe8\xe7O\xfe\x1cO\x1c/k"ot\xd2_\x7f\xef\x11\xda\xef}\xfd\xf5\xb3_\x7f}\xc3\xc0\x9e\x19M\xe9$\xb4_}}\x03\xd7\x9f\xbe&gt;\xce5u\xcdA\x101\x06]\xbd\xfbf4\x95\x93 \xbf\xcc\xc9\xa6m\xc2\xa8\xd3\x7f\xbe\xc15\x1e7\x9c\xc7\x1f\x81\xe2&amp;\x00\xe9\x97:)\xbc\xd8K\xfaf\xf5\x11\xea\x8bO\xbf\xf8\xe3\xe7\x7f\xfc\xd3\x17\x7f\xfa\x8f?\xff\x07\xc0\xc6\xe9\x82\xfa\x06\xe0\xc9`\xa3\xe2\xc6a{\xecW\x8f\xbd\xfb\xe6\xbb\xa7\xde9\x95v+~2\x89Ab[\x88\x8d\xc8\x1b\xa7\x8e\xdb\\\xd2\xe6\x88\x90\x03\x93V66\x03\xf4\xbe\xbdldt\x84\xf0Xp\x8b^\xbd\x92Hk\x8d\x8b\xedNN\x1c\xcd\xcb.\x880A\xdc6l\'N@q{\xf9\x17/\xdfq\xc7\x1dW\\y\xc5}\xf7\xdd\xf7\xdak\xbf\xc6\x13G\x8c\x89\xa4\x81\xce\n\xb6\xbf|}\x8cZ -\xaf\x7f7\x87\xed\x81\x97\x8f\x02o gas\xfc\xdf\xdd\xa5\xf6B\xb7\xa0\xb9\xb0\xfd\xcf\x7f\xfd\xcf\xd9\xc2v\xcds\xd7\x10lEw\x17A\x8e\x94.\xc9N\x12\x1d\xa1\x16I`\x13\x85A\x04H4%l`0\x1c\xbb\x18`\xc4\x1b\xdbF\xbe\xb3\xec\xd8e\xbb/(o-\xb11\x1d\x89\xb1\xdd\x1b\x12\xc7\x0b\xb27\x15\x17@q\xb3y\x83\x84=\xa1\x13o\xbe\xf9\xc6/\x7f\xf5\xcb\xe7\x9e\x7f\x0eZ\xf0\xf1\xc4\xf1\xb2&amp;\xf2vV\xb0q\xc9*\x1b\x17\x90\xa6\x84\r$\x87mI\x8bAR\xd8\xfe\x1ba{\xe2\x83\'hU\x80\xe0Pf\x14\xaf;Z\xf6\xd2\xdb\xcf\x03l7&lt;}\xdd\x89\xd7O\x9c~\xef\xb4-\xd8\x04\xccH\xac\xb2I%CnVD\x17\x18\x87\r\xb8"\xb1 \xce\x86\x0eL\x02\x95\xed\xad_=z\x81x\x83:\xd6\x1c\x13\xdd\x12\x1b\xdb\x16\x1f\xdb\x97\x96&lt;UY\xba\xb3\xb6\xd2.lT\x7f\xdf&gt;\xf1\xd6\x89\xb7\xde|\x0b\x12\xf0\xb9\xe2\xc9"\xc6D\xd2@\xce\xc0v\xf7\xb3G\x01\x12\xaai\xd4\xca*\x1b\x88\x8a\x1bT6\xd0\xdd\xcf\xc1\xc5\x1e\xc2\x065MZ\xd9ne\xf3\xe0\xcb\xec\xf8\xbf\xbbK\xed\x85nAbe\xfb\xf2\xb3/9l\x9c(\xd0\xe6g6S\x84\x0c\x0e)\x0e\xb0\x01i\x1c\xb6\xf9*\x1b\xea\x81\x07\xee\x07\xbd\xf6\xda\xab\xf3\xc2&amp;\nV\xeb\x1c\xd2\x08B\xc6\x18[\xd8\xb8\xb4O\x9c\x17l\xd6\xe4\x84\xe6\xf5\xf1\xa0\x9a\x98(\x10\x80$\x15\xec\x1e\x814\x108\x03\x19){\x1bk\x8e\xf4v@\xdc\x06l\xfc\x9f\x8c\xa2\'EO\xeem\x116.\tl\xa7O\xbfS7~\x1c8\x01\xe7\xf4\xa7\xaf\x80\\\x93F\x8f?x\xefi\xf6\x96@\xc9\xc0Q\x97\xf8QH8\xfd\xc5+$\x97\xa8Q\xd0;\'_\x01\x9d\xfe\xf4\x9d\xba\t\x1c\x0b\xed\xd1\xbb\x1e+\xec\xba\x12\xf4\xce\xc9w\xbe\xf8\xf3\xb3\\\x803\xc8/sw\xdd\xf8\r\xc2\x8b\xbd\xa4oVsa\xfb\xea\xab\xaf\xfe\xf3\xff\xfd\'@%-n `L\x169\xf2\xd3\xfd@\xda\x8b\'\x9e\xbf\xed\xb9\x9b?&lt;\xf1\xe1\xa7\xef}:\xef5\x9b\xe4\x9f\xf5\xfb\x03\x96,\x07\xc8!\xa4\xb0W\x14\x0e%\xb0\xa1`\x19\xb3\x8a\x87K\xfb\xed\xb7\xdeZ\xf6\xd5\x997\xcf\x817\x02lgm\xc5\xbe\xd6\x86C\xddmGz;\xaf\x19\xed?&gt;1rl\xa4\xef\xf2\xde\xf6\xfd\xcdu\x9b\x8as\xe0:\rj\x1a\x90\x06\xeaII\xde\xd7Tw\xed\xf8\x10\x94;{\xb0I\x05\xcfn\x166\xde2\t\xac\x01c\x8c7\x100V9|\x04`\x83\xf6\xd8O~J\xa4\x01rHc\xea\xee\x1b\x1e\xf9)\xb4\x85]GHG\xef\xba\x97H\xbb\xe1\xa1\'\x80:`\x0c\x04\xb0\x01\x8a\xa3\x07\x8e=\xf0\xec\xbd\xd4\xde\xf0\xe0c@\x1a\x08\xa9\x83W\xda\xf1\x7fw\x97\xda\x0b\xdd\x82$\xb0\xfd\xe5\x8f\x7f\xf9\xf3\x1f\xff\xfc\x97?\xfdEV\xc4\x94\xc2r\xc7\xca\xda\x1d\xcf\xddz\xc7\x0b\xb7\x01lg\xde?\xa3\x80\x8d\x8c\x1f\xce\xfd\x97\xf1Xu\xb2\xc1\x1b\xfe\xee*\xc16\x1b\x97\xc1\xc6o\x93\xd0\xef\xb4\xe25\x1b\xc1\xd6\xd2\xd1#\x904\x9f\x01iSUe\x87\xba;\xaf\x9d\x18\xbfe\xc7\xd4\xed\xbbv\xde\xb3\x7f\xdfCW]\xf1\xf4m7=\x7f\xef]/\x80\xee\xbc\xe3\xe1cG\xaf\xdf2\xb6\xb3\xae\xba/-\xa5-&gt;\xaegC\xd2\xde\x06\xebu\x9b\xc6v\xd5\xd7Bq\x93\xc1\xf6\xe0\xdc\x7fS\x1b\x8d\xb5x\xbexY\x13y\x13Xc\xb0\x11obM{\x05`\x03\xcc\x006\xaaoP\xd0\x804H\x80\x96j\x1a\x90\x06\xbc\x01lD\x1a\x87\r\x04%\x0e0\x03%\xd4\xef\x86\x16\n\x1a\xf0F\xf5Mx\xb1\x97\xf4\x8dK\x84\xed\xcf_\xfe\x19\xae\xdc\xfe\xeb\xff\xfd\xd7[\x9f\x9e \xde^{\xe3\xb5\xbc\xe3y\\uG\xeb@G~z\x040\x03f\x9e|\xe1\xc9\x87\x9e}\xe8\xbe\xe7\xee\xfb\xf4\xddO\xbf\xf8\xe0\x0b\tl\xc8\x8aR\xc0\t\xfd\xfbl\'\xdfg\xff&gt;\x1bI@NB\x1aJ\x8c0\x11c\x10\x14a\x9b\xbd\x9b\x02WH\xc26\x92`#\tH\xd91 \xad/5iky\xc9\xde\xc6\x86\x99\xe6\xa6]V\xeb\xb4\xb5\xee@[\xcb5\xe3#w\x1f\x98\xf9\xd9\xf1c/\xff'... (set the log level to DEBUG or TRACE to see the full content) 
 </msg>
<msg timestamp="20221213 15:25:06.157" level="INFO">POST Response : url=http://pretest-qa.dcidev.id/api/v1/uploads/cover?Authorization=hziumijxztec 
 status=401, reason=Unauthorized 
 headers={'Server': 'nginx/1.18.0 (Ubuntu)', 'Date': 'Tue, 13 Dec 2022 08:25:05 GMT', 'Content-Type': 'application/json; charset=UTF-8', 'Content-Length': '49', 'Connection': 'keep-alive', 'Cache-Control': 'no-cache', 'X-Request-Id': '97342f25-4d0e-4d28-b01b-f4bf90976e9e', 'X-Runtime': '0.005351'} 
 body={"error":{"code":401,"errors":["Invalid token"]}} 
 </msg>
<msg timestamp="20221213 15:25:06.157" level="FAIL">Url: http://pretest-qa.dcidev.id/api/v1/uploads/cover?Authorization=hziumijxztec Expected status: 401 != 201</msg>
<status status="FAIL" starttime="20221213 15:25:06.053" endtime="20221213 15:25:06.158"/>
</kw>
<status status="FAIL" starttime="20221213 15:25:06.051" endtime="20221213 15:25:06.158">Url: http://pretest-qa.dcidev.id/api/v1/uploads/cover?Authorization=hziumijxztec Expected status: 401 != 201</status>
</test>
<test id="s1-t16" name="TC16_upload : /api/v1/uploads/profile/default" line="91">
<kw name="Random String">
<var>${random_auth}</var>
<kw name="Generate Random String" library="String">
<var>${random_auth}</var>
<arg>12</arg>
<arg>[LOWER]</arg>
<doc>Generates a string with a desired ``length`` from the given ``chars``.</doc>
<msg timestamp="20221213 15:25:06.160" level="INFO">${random_auth} = jffnqkzpteaa</msg>
<status status="PASS" starttime="20221213 15:25:06.160" endtime="20221213 15:25:06.160"/>
</kw>
<msg timestamp="20221213 15:25:06.160" level="INFO">${random_auth} = jffnqkzpteaa</msg>
<status status="PASS" starttime="20221213 15:25:06.160" endtime="20221213 15:25:06.160"/>
</kw>
<kw name="POST" library="RequestsLibrary">
<var>${response}</var>
<arg>${Request_url}/api/v1/uploads/profile/default</arg>
<arg>params=Authorization=${random_auth}&amp;id=ssxawsdaw</arg>
<arg>expected_status=201</arg>
<doc>Sends a POST request.</doc>
<msg timestamp="20221213 15:25:06.221" level="INFO">POST Request : url=http://pretest-qa.dcidev.id/api/v1/uploads/profile/default?Authorization=jffnqkzpteaa&amp;id=ssxawsdaw 
 path_url=/api/v1/uploads/profile/default?Authorization=jffnqkzpteaa&amp;id=ssxawsdaw 
 headers={'User-Agent': 'python-requests/2.27.1', 'Accept-Encoding': 'gzip, deflate', 'Accept': '*/*', 'Connection': 'keep-alive', 'Content-Length': '0'} 
 body=None 
 </msg>
<msg timestamp="20221213 15:25:06.221" level="INFO">POST Response : url=http://pretest-qa.dcidev.id/api/v1/uploads/profile/default?Authorization=jffnqkzpteaa&amp;id=ssxawsdaw 
 status=401, reason=Unauthorized 
 headers={'Server': 'nginx/1.18.0 (Ubuntu)', 'Date': 'Tue, 13 Dec 2022 08:25:05 GMT', 'Content-Type': 'application/json; charset=UTF-8', 'Content-Length': '49', 'Connection': 'keep-alive', 'Cache-Control': 'no-cache', 'X-Request-Id': '46ea4ea1-4314-4c0c-8f6f-822936d1467a', 'X-Runtime': '0.003388'} 
 body={"error":{"code":401,"errors":["Invalid token"]}} 
 </msg>
<msg timestamp="20221213 15:25:06.221" level="FAIL">Url: http://pretest-qa.dcidev.id/api/v1/uploads/profile/default?Authorization=jffnqkzpteaa&amp;id=ssxawsdaw Expected status: 401 != 201</msg>
<status status="FAIL" starttime="20221213 15:25:06.160" endtime="20221213 15:25:06.221"/>
</kw>
<status status="FAIL" starttime="20221213 15:25:06.159" endtime="20221213 15:25:06.222">Url: http://pretest-qa.dcidev.id/api/v1/uploads/profile/default?Authorization=jffnqkzpteaa&amp;id=ssxawsdaw Expected status: 401 != 201</status>
</test>
<test id="s1-t17" name="TC17_upload : /api/v1/uploads/profile" line="95">
<kw name="Random String">
<var>${random_auth}</var>
<kw name="Generate Random String" library="String">
<var>${random_auth}</var>
<arg>12</arg>
<arg>[LOWER]</arg>
<doc>Generates a string with a desired ``length`` from the given ``chars``.</doc>
<msg timestamp="20221213 15:25:06.224" level="INFO">${random_auth} = yfuhbfislkjc</msg>
<status status="PASS" starttime="20221213 15:25:06.223" endtime="20221213 15:25:06.224"/>
</kw>
<msg timestamp="20221213 15:25:06.224" level="INFO">${random_auth} = yfuhbfislkjc</msg>
<status status="PASS" starttime="20221213 15:25:06.223" endtime="20221213 15:25:06.224"/>
</kw>
<kw name="DELETE" library="RequestsLibrary">
<var>${response}</var>
<arg>${Request_url}/api/v1/uploads/profile</arg>
<arg>params=Authorization=${random_auth}&amp;id=ssxawsdaw</arg>
<arg>expected_status=204</arg>
<doc>Sends a DELETE request.</doc>
<msg timestamp="20221213 15:25:06.277" level="INFO">DELETE Request : url=http://pretest-qa.dcidev.id/api/v1/uploads/profile?Authorization=yfuhbfislkjc&amp;id=ssxawsdaw 
 path_url=/api/v1/uploads/profile?Authorization=yfuhbfislkjc&amp;id=ssxawsdaw 
 headers={'User-Agent': 'python-requests/2.27.1', 'Accept-Encoding': 'gzip, deflate', 'Accept': '*/*', 'Connection': 'keep-alive', 'Content-Length': '0'} 
 body=None 
 </msg>
<msg timestamp="20221213 15:25:06.277" level="INFO">DELETE Response : url=http://pretest-qa.dcidev.id/api/v1/uploads/profile?Authorization=yfuhbfislkjc&amp;id=ssxawsdaw 
 status=500, reason=Internal Server Error 
 headers={'Server': 'nginx/1.18.0 (Ubuntu)', 'Date': 'Tue, 13 Dec 2022 08:25:05 GMT', 'Content-Type': 'application/json; charset=UTF-8', 'Content-Length': '87', 'Connection': 'keep-alive', 'Cache-Control': 'no-cache', 'X-Request-Id': 'f8f7f3d4-5311-440a-b910-b6c167925bd7', 'X-Runtime': '0.003138'} 
 body={"error":{"code":500,"errors":["undefined method `profile_picture' for nil:NilClass"]}} 
 </msg>
<msg timestamp="20221213 15:25:06.278" level="FAIL">Url: http://pretest-qa.dcidev.id/api/v1/uploads/profile?Authorization=yfuhbfislkjc&amp;id=ssxawsdaw Expected status: 500 != 204</msg>
<status status="FAIL" starttime="20221213 15:25:06.224" endtime="20221213 15:25:06.278"/>
</kw>
<status status="FAIL" starttime="20221213 15:25:06.223" endtime="20221213 15:25:06.278">Url: http://pretest-qa.dcidev.id/api/v1/uploads/profile?Authorization=yfuhbfislkjc&amp;id=ssxawsdaw Expected status: 500 != 204</status>
</test>
<test id="s1-t18" name="TC18_upload : /api/v1/uploads/profile" line="99">
<kw name="Random String">
<var>${random_auth}</var>
<kw name="Generate Random String" library="String">
<var>${random_auth}</var>
<arg>12</arg>
<arg>[LOWER]</arg>
<doc>Generates a string with a desired ``length`` from the given ``chars``.</doc>
<msg timestamp="20221213 15:25:06.280" level="INFO">${random_auth} = pyanslilpugz</msg>
<status status="PASS" starttime="20221213 15:25:06.280" endtime="20221213 15:25:06.280"/>
</kw>
<msg timestamp="20221213 15:25:06.280" level="INFO">${random_auth} = pyanslilpugz</msg>
<status status="PASS" starttime="20221213 15:25:06.280" endtime="20221213 15:25:06.280"/>
</kw>
<kw name="Get File For Streaming Upload" library="RequestsLibrary">
<var>${file}</var>
<arg>N:\\Privy_Test\\src/../image jmeter/dw.png</arg>
<doc>Opens and returns a file descriptor of a specified file to be passed as ``data`` parameter
to other requests keywords.</doc>
<msg timestamp="20221213 15:25:06.281" level="INFO">${file} = &lt;_io.BufferedReader name='N:\\Privy_Test\\src/../image jmeter/dw.png'&gt;</msg>
<status status="PASS" starttime="20221213 15:25:06.281" endtime="20221213 15:25:06.281"/>
</kw>
<kw name="Create Dictionary" library="BuiltIn">
<var>${files}</var>
<arg>image</arg>
<arg>${file}</arg>
<doc>Creates and returns a dictionary based on the given ``items``.</doc>
<msg timestamp="20221213 15:25:06.281" level="INFO">${files} = {'image': &lt;_io.BufferedReader name='N:\\Privy_Test\\src/../image jmeter/dw.png'&gt;}</msg>
<status status="PASS" starttime="20221213 15:25:06.281" endtime="20221213 15:25:06.281"/>
</kw>
<kw name="POST" library="RequestsLibrary">
<var>${response}</var>
<arg>${Request_url}/api/v1/uploads/profile</arg>
<arg>params=Authorization=${random_auth}</arg>
<arg>files=${files}</arg>
<arg>expected_status=201</arg>
<doc>Sends a POST request.</doc>
<msg timestamp="20221213 15:25:06.386" level="INFO">POST Request : url=http://pretest-qa.dcidev.id/api/v1/uploads/profile?Authorization=pyanslilpugz 
 path_url=/api/v1/uploads/profile?Authorization=pyanslilpugz 
 headers={'User-Agent': 'python-requests/2.27.1', 'Accept-Encoding': 'gzip, deflate', 'Accept': '*/*', 'Connection': 'keep-alive', 'Content-Length': '63758', 'Content-Type': 'multipart/form-data; boundary=a270d4a359d4ad22551fb606afa51286'} 
 body=b'--a270d4a359d4ad22551fb606afa51286\r\nContent-Disposition: form-data; name="image"; filename="dw.png"\r\n\r\n\x89PNG\r\n\x1a\n\x00\x00\x00\rIHDR\x00\x00\x01$\x00\x00\x01K\x08\x02\x00\x00\x00\xf09f4\x00\x00\x00\x01sRGB\x00\xae\xce\x1c\xe9\x00\x00\x00\x04gAMA\x00\x00\xb1\x8f\x0b\xfca\x05\x00\x00\x00\tpHYs\x00\x00\x0e\xc3\x00\x00\x0e\xc3\x01\xc7o\xa8d\x00\x00\xf8\x14IDATx^\xec\xbd\x07`\x1c\xd5\xb5\xff\xef\xdf\xef\x95\xbc\xeaU\x1aV\xef\x92\xab\xa4\xed\xabU/\x96\xac\xde{]I\xab\xde{\xb7\\d\xd9\x96\x8bl\xe3\x02\xa6\x18L\xef=\x84\x16\x08\xbd\x85\x84\x90\x90\x00\x86\x00\x06\x9bf \xed\xf1{\xed\xcf\xff\x9c{f\xaeF3\xbb\xab\xb5-\x1bAt\xde\xf7\xdd\x9c9\xf7\xdc\xbb\xab\xd9\xfb\xe1\xdc\x99-^6\xf3\xfc\x11P\xda\xd1&lt;\xd2\x1b\x12;\xea\xe5\xb5o\xd92\xe1`\xe1\xec\xcd7\xdf&lt;q\xe2\xc4\x1f\xfe\xf0\x87+\xbc\xbda\xfe\xc1\xc1\xc1\x9f&lt;\xf8\x93\x13o\x9f`zK\xd4\x89\xb7%\x11OO\xcfO?\xfd\xf4\xf4\xe9\xd3\'O\x9e|\xf7\xddwa\xec;\x17\xd7\xe0\t\x9f8\xf1\x16\xfc?\x1d\xa0\xde~\xfb\x9dw@\xd0\x90A\x17\x889\xe8S/\xfc\x15o\xbd}\xe2-\xea\x828\xf31N\t\xe2\xa1(\x9a\x99M\xcaZ0I/\t\xcf\t\x98\xad&gt;\xe8\xc4\xff\xe7\x8f\xeeX\xb6&amp;\x07\xd9\x9f\xff\xc5\x17_\xfc\xf0\xc3\x0f\xc5\xf9\xa9_\xdar\xcd=|\xfb\x9d\xb7\xde\x82\x17\x11\xfff&lt;\x89\xe0\x8b}\xe8\xb3s\n\x92\xc7Y\x10F\x81\x8f!\xa1Gp\x84\xa5\xc1\x84Y\x12\x1f%\xbc4L\xec\xa4\xb0\x08\x1b+\xf8\xf2!\x92C\xc9X\x1a"\n\x9f)&amp;@::\xc29\x92\x1a\x9b\x1c\x9f\xb0d\x14\x08"d\xcb\xa4\x8c]\x17\x11\xf1`_\x1f\xf97\xa7\xa4\x00\t\x87\x96/\xa7\xc3\x051\x9a\x9f`\xbb5-\r\xe6?\xec\xe2\x82\xb0\xfd\x04a\x93\xd25\xfb\xd7\xb3\xc8b\x84M8\x95h\xf0\xcc\xe1i\x8a\x11\x0c\xb2L\xe1\x90\x88\x02\x83\xf1\x94\r\xfd\xf0\x12\x80 \xc6\xd3Psf&amp;\xe1\x00\x89l\xbd\xc6\x12c/7\xfc\xbfl\x12\xa50W\xe2\x90\xe1@|\xa2&lt;0\xd7\x00\xb6S\xa7N97\xbfD\x1c6vR\xd0g\xe7\x07\x1d1B\xc6\xe3d0\x98\x1c\x9cF\x98Mp\xe6\xac\x0e\x9cc\xee!\xfe\x01,\x99\x9d\x8eY\x91\xc1\x1f I\x96\x89\xe6\x17\x1e\x97MB&gt;\x18{i\xd8\x9c\x90\xc9g\x93\x19\xfeI4\t\x98t\x1e\xd4l\xe1\x02\x0c`\xf5\x13` \xf2\x1f\xdd\xb2E\xe8&gt;o\x9b\x9d_\xa5\x02\x91\xff\xcc\xee\xdd\x02l`\xec\xcfeg\x02y\x93\x9e\x92E\x07\x1b\x9dk\\\x97,\x82&amp;\x9cP:`\xf9\xc2+G\xb0\xc1`\x82\x8d\rab\xbcQ\x8e \xf6BJ"\x98&gt;G\x0c\x06\x16\xb7k\x90\xc1\xe6\x07\x93\x0cDQ\x84Z;r8\xff9\xc3F\xe7\x02\x04+\x0f\\\x88\x92O\xc6}\x9a\x94|0\x1c\x82\xa7\x1a\x1eY\x9cJ\x94di\xd8\x10\x9eF\xca\xc4\x17H\xb09A\xc5\x10.\xca\xc1\xc7\xc5\'\x8d\xe4\xe3_\xce\x0e\xd1!\x9f&amp;\xb4i\xac\x97\x8db-\x7fP\xa69\xbbD\xaaf$\xd8C\n\xd1\xf3\xb3e\xa2e\xe7fK\xe7\x87=$\x90\xf3\xf1\xc7\x1f\x03l\x0f\xc26\x12l\xf6\x8f\x96\x17\xb7\xc5\x00\x1b\xbeDt\xc6\x85S\xcfN\xf7\x9c\xb3\xc9\x82\xece`\xcf[x\xe5H\x1c6L \xde\x94\xb0Ig\x9e\x8d\x8b&gt;\x9e\n:td\x90\x82ivy\xc0\x94\xb9&gt;\xb5\xa0y\xe6\x17a\xe3&lt;\xd3(.0Y\x84\x89*\x1b\x91\x86\x8f\x81\x7f!\xfal)\x0b-\x8b@6\x8f\xa0\xc3\x0eq\x0e&gt;\x95B\xe2\x02a\x92P\xc4N2\xfc/\x06\xc9G\xe1\x10\x1c\xc4\xd3\xa4\xe2s\x82\xf0q!\x88C\xf0\x19\xb3\x17\x85\x19\xf3\xf1\x81\xa8\xcb\xa69\t\xdb9\x98@\x123!$\x1a\x05\xd5\xc9\xeb4I!\x01\xea\x00:\x848\xbff\x93\xc0\xf6\xa0\xf4\x040\x7fqW6t\xe6\x9cG\x86\r\xbc\xc6\xf8\xe4\xc5 \x98$A0|\xd5\xd9K\x85\x13"\x12R\xdefg&amp;#G\xec\x95\x97\x1d\x96\x89A\x06-\xce\x83\x86\xa9\x90vV\xc5G\x18\xc7\x96\x11;`\xc6\xba\xf8\xfc\xef\x9c \xd8\xb0\x83=\x7f\xc9@\xa5$q\xb1\xb2\x11?\xe4\xd3`\x8a\x90#\xf42\xd1!\xc5\xb1\x1b\xff_&amp;\x0cJ\x16\x08N#=\xc4\x08\xfe1h\xe0\xa0h \xf3gs\xe0@:D\x9c\x1c\x1f\x17\x0f\xf1\xe9\n\x0e\xf7!\x93\xa6\xb5g\xec?\x160\x0f\xfe\rs\xed\xdca#xB\xa3C"s\xc37X\x13\x82\xb4\x81\xc4\x12\x19\xf8\xe19\xfa\xbc\x81\xb4\xb4\x96\x04MR\xa8\xb4K\t\x9b\xb0\x8d&lt;!\x00&amp;\x9e\x80Y\xde\x16\x19l\x92\x17oVB\xa5\xc2\x1cy/\x1a\xfc-\xe8\xb3\xd7\x89\xcd\x03-$\xd3:\xa6\x1c)ls\xc62\x83\xb1\x12\x18\x04\x96\xd0\xc3\x87&amp;1\xdep\x18.)\xe5&lt;J\x9fL\xf4\xe7\xcc/yV\xe2\xfc/\xbe\xf8\xc2,l8?\xf5r\xc9\x0e%b\xc5\x8d\x1b\x9eJ[\xadM\xc3\t\xf8&lt;\xb3\xc2\xa0\xb8:\xf0/\xe5&gt;?\x84fV4J\xf4\x95\xc9\xdc\'\xb1\xc7e\xc9\x18\x14\x1e\r\xc5\x1c2\x16\xb5e\xf0\xc7\x08\xa3\x84\xd9\xb8\x7f.\xb0!d"&lt;\xe0\xa4Z\xd7\x1b\xe2
[...]
90\xc6\x97\x17\xce\x83kB\x98V|\x85\x84|\x9a\x04O\x05\xc2 \x1a\xa5Q\x0e\xb2\x81\x9d4\n\x9f\x89d\xac\x18g\x0f*N.\xce\xcf\xa7\xc2\x05\x8a\xc6\x02h\x98,\x99_\xbcf\x13\xe6\x17\x1e\x08\x13i~\xfa\xbb\x84\xa9\xc4\x08\x9e\x0f\xcca\xfe\\\xb1?\x96\x8dbS\xcc\x99S&lt;\x14\xd2\xd8\xa1\xf8\xfc\xf1)I\x92\xe1\x18\xd3\xc4\xc7\xa5\xb1B\x0bcEa\xb2(\x9e&amp;\xcc :6\xe3\xecA\xf1\x19\xda\x92,.=\x9c\xf5\xf9\x84\xb3\x97R\xce\x1b\x90\xe3\xe7\xb12\xc9\x90\xbf\xc1TD\xa4\xad\t\x08S\xaf2\xe9\xd7F\x01o\xea\xd5&amp;\x97\x7f\xff\x01\x04\xdd/\xf1\x0e\xf0^\x1d\xb8&amp;8\xb3)\x95`\xbb\xef\xfe\xfbo\xbf\xf5\x8e\xfb\x1ex\xf4\xe3\xd3\x9f\x9c&gt;\xf5\xd1\xaf_}\xed\xd1G\x1e\xb5Z\xadW^y\xe5\x0b/\xbe\xf0\xdao^{\xe3\xcd\xdf\xb3?\x91\x9dA\x89\x16\x1dl\xf4Bb\xcb^$\xa1E\x87\xd6(\x1b$\x9ck|\xa5\xc5\xd3\x8dC\x84 8\xf0\x87\xf2\xa5\xccfCa\xd7\xdc|\xc9T\x02\x0f\xe0\x08&amp;d\xce\x15&gt;\x07q\x86\xd98\x7fh6NxVLb\x10\xa7\x93\xcd\x8fi\xe2&lt;/&gt;/l#\xf1\xc9K\xe7\x17[&gt;\x0fF\x98\xf0q\xc8A_\xfc\x1b\x99\xc3s\x04\xc1\x0c83=C\x96\xc0"\xb3\x82\x81\xb28\x1f%&lt;\xae0\x96e\xa2\x84\x99\xf9\x10\xf6\xd0\xacw\xf6\x15\x91:\xd2\xb8\xf0W(&amp;\x97\xf8J\xc7\xa6\xe0\x89\x08O\xe0,`\x03`\xb8iWG\xe4\xc7\xd7\x11ik\x834\xa1\xc1\xfa\x90 \xadvuxh\xb0\x01\n\x1a\\\xb9\xf9{\xad\\\x1b\xa4\x85*\x07\x1bH\xd5\xf2\xef\xff\xeb?\xff\x9bJ\xe5r\xdf}\xf7\xfd\xec\xf1\xa7n\xb8\xe9\xce{\x1f|\xfc\x83\x93\x1f~t\xeac@\xee\xddw\xde{\xec\xb1\xc7\xef\xb9\x1b\xff\xef\xe7?\x7f\xe2\x17\xaf\xfc\xe2w\xbf{\x1d\n\x1d\xfc\xdd\\\x8b\x0f6\\\xac\xccA\xc0\xf0\xb5\x11[\xf62KN4-V\xe1\xf5\xe3q&amp;\xf8\xd3(\xce\xa7b/9\x05%\xf9Rc\xa3D\x13B4J\x1c\xfb\x0e\xa0\xcb\xe7g\x93\x8b\x8fB\x13\xe2\x88\xd9\x849O\x8cu\xd9\x9b\xff\xed\xb7\x01\xb6\x0f\xe1\xd2w\xee\xfc(\x98\x84\x08\x14\xe2\xc2\x9f\xcc|q\xb8D\xf8_\x0cr \x9d|\xe5\xd3`#)M\x9c\x1f\x83B&amp;\xf31a\xce@\x10\x8e\x15F\xc9\xc42Ix\x9e\xd9\x9c\xb3]L\xc2\x84\x14\x17\x83\x98\x8f\x7f\x1a\xce,\xb6\xf6\xc4{\xc9\xa1\x96\t\xce\tT\xb6\xadm:\x01&amp;\x87\x06\x80\xe9\xd6\xab\xf5\xeb\xb5\xbe\xab||\xfc\xf0\xee"\x91\x16\x12\xac\xd7\xad1\xeb\xd7F\x9aBc\x8c!\xb1@\x1a\x04a\x87\xb9: l\x95_\xa8\x87\x9b\xf7\xf2\xe5*_/?\xc8\x87I\x9ex\xe2\x89{\xee\xbb\xff\xd6\xdb\xef\xb9\xf4\xc857\xder\xcf\x7f\xfe\xbf\xff\xfc\xaf\xff\xfc\xaf3\x9f~~\xea\x83\xd3\xa0\xdf\xff\xee\xcd\x87\x1ez\xf8\xb6\xdbn\x87K\xb8g\x9e}\xe6\xd5W\x7f\xf5\xc6\x1b\xbf\x87%\xbe(a\xc3\x15\x83/\xb9\xe0;\x12\xbeZ i2\xf3\xf1\x15%_\xd25\xfb\x02\xcb^-\xa9\xe0\xb5\xc7\xc1s\x8d\xc6r\x12h\xecl\\X\x91\xe8\xc0\xc3\x89&gt;\x89\x0eg\xa5\x9c\x9f\xa5\xd16rn&amp;\xf6I\xe7\x07a\xf2\x1c\xf6x\x8fBb\xb2t\xb8D\xd0\xccM\x98},\xec\xc3^\xbbc\x05\xcd\x19\xce%\xfeE\x82 \x81r8\xde\xb28=\xdc&lt;\xe29\xdc\x99\xab\xb7\xdf&gt;\x0b\xd8\xc23\x0c\xeb+\xe2#\xb3M\x9aHM\x98F\x03\x11\xcd*\xb3v\x8d\xd9\xb0.\xda\xb8.\x1a\xca\x1a\x90\xb6\xb3\xf7j\x80\r\xea[H\xb0\xee\x92\xef\xbb\xaf5\xad1\xa7\xcc~\xde\xff\xe5\x97_\xbe\xe9\xa6\x9b\x9ex\xe6\x85+\xae\xbe\xee\xc0\xe1c\xb7\xdc~?\xc0\x06\xfa\xec\xd33\xc4\xdb\x07\'OA\xa1{\xe1\xf9\x17\xef\xbe\xe7\x9e\xdbn\xbb\xed\x91G\x1e~\xe1\x85\xe7_{\xed\xb5E\n\x9b\xe0H}i\x10E\xaf\x96\xf0\xb21\tq1\xc83i\xac\x90F\tL\xec\xf1e\xaf\x1c\x8b0$\x84\x8d\xa88\x8a\xe7\xe0X\x1bq(\xbdBDH\x90\x0c\x91\x0bia\xf3\x8bS!l\xf8\x15\x1b\xec\xe5Aq\x12\xf6\x94\xd8(1"\x99J.1\x19\xe6\x11g\xe0\x12\xe26\xe7\'\xbax&gt;\xf3\xd9\xf3\x14f\x9b+\x1c2\'\x9fI\x9ec\xef\t\xcf\x01\x1b\x8cwq\xe3\x11\xa5\xb8\xe1!&gt;.{\x1aN\xc1\x06\xb4\xac5\xaf\x0e\x8d^\xabM\x0c5l\xd0\x98\x12L\x9111kW\x87\xad\rR\xc3E\x1a\x945cH4\xd54RxX\xdcJ\xbfu\xaa\x7f\xfb&gt;\x945N\x1a\xd8\xeb\xaf\xbf\xfe\xf0\xc3\x0f\xdfv\xd7=w?\xf0\xd0\xd1\xab\x90\xb7\x1bo\xbb\xef\xff}\xf5\xff\xfe\xfb\xbf\xff\xfb\x8b\xcf\xbf&lt;\r\xfbJ\x86\xdc\xfb\xef}\xf0\xf6\x89?\xfc\xe6\xb5\xd7\x1fy\xe4\xb1[o\xbb\xed\xee\xbb\xefruu\x85\xe1\xef1\xfb\xe6a\x9bsZ\xe7\x11\x9de\xa9hq\xd0\x0b0w\xa1\xe0\xccB\x9a\xf8\xf2Hr\xb0w\xaeXH\xcc\x9f\xdb5;\x8f\x18\xc1\\\x14\xfd\xc7\xdb\xce(\xa5\x84d\xf6\x87\x8b_\x1ee\xf193\x88\x93\x83\x18\x0f\xd0\xceF\xe6\x88l\xd6\xa7I\x84\xd9\x98\x84\xf3C\x87\xecq\xa5\xf94\xffl\xaf\x9c4\xb2\xd9\x88lr\x10\x1b\xc2s\xe0\x08\x13$\xf3\x08]\x18\xb71\xbfTB\xe6\\Q\x90Z\xc1\x11\x1f\xd7\xb9\xca\x06\xc0\xac6\xac\x0cO3\x1a\xd6k\rq\x06}\xa4!\xdc\x1ci\xd4F\xac[\xa9Q\xaf2\x02l\xc4\x1bT9\xcd\xea\xf0\xb0\x95\x86U~!p\xcd\xa6\xfa7\x17)i`\xbf\xff\xfd\xef!\xf2/\xff\xf2\xaf\x8f&lt;\xf5\xdc\xf1\x9bo\xbf\xfc\xca\xe3\xfb\x0f\x1f\xbb\xee\xc6;\xbf\xfa\x8f\xaf\x80\xb7\xcf\xcf|\xc1y\xa3\x12\xf7\xe6\x1b\'^\xfb\xcd\xef\x9e{\xfe\xc5\xc1\xc1\xe1\xbb\xef\xbe\xe7g?\xfb\x19\xbc\xdeP\xe8\xde\x82g\x8f/\xe7\xc53\x06\x1b\x1a;\xa2\xf3\xf87\')l\xdf\x9c\xe0%p\x00\xc0\xa2\xd6\xfc\xb0\x01\x1e\x81k\x03\xf4\t\xda\x88\x14\xb3\xd6\xa4\xd3\xe8\xb5z\x93\xde\xa8\x0b\xd7k\xc2\x01\xb65\x81j\x00L\xb76\x027\x93!\xd1a+\x8dA\xbek\x03\xbdW{\xbb\xf9\xaf\xf8\xa1[\x80\x9f\xfc\xeb\xdb\xc9\xe1\xb91\xfa\r\x13[v\xdf\xfb\xc8\x13\xd7\xdcp\xcb\xe5W\x1d\xdf\x7f\xe8\xeako\xb8\xe3?\xfe\xe3?\xfe\xe7\x7f\xfe\xe7\x8f_\xfe\xe9\xf4)\x817^\xe2~\xf7\xfa\x9b\xbfz\xf57/\xbe\xfc\xcbG\x1e}\xe2\x8e;\xef\xbe\xe3\x8e;\x1f{\xec1x\xe1\x7f\xf3\x9b\xdf\xb0\xb78.\x861\xd0xe\x03\x83s\xf77g\xfcg\x11\xbeQ\xa3\x85\xbb\xf8\x0cj\xa0P3\xed\x9aS\xb0y\xf8x\xea\xa2\xb4\x86(\xa3Z\xa3\r\tSk4:u\x88&gt;l\xad\x0ea\x0bP\xaf\r\xd4\x84\xad2bM[e\\\xed\x1f\x16\xe4\xb3\xc6\xc7=\xf0\x92\x1f\xb8\xc1@\x99e\xc5V\xe4%\xd6@\x19\\\xbbR\xf3\xc8\xf3\xaf\\\x7f\xe7}\xc8\x1b\xd4\xb7CW\x1f\xbb\xee\xf6\xbf\xfc\xf9/P\xdf\x80\xb7\x8fN}\xccy\x93\x96\xb8_\xbc\xf2\xea\xf3/\xfc\xe2\xa9g\x9e\xff\xc9\x83\x0f\xddv\xdb\xedw\xdf}\xf7\xd3O?\r[S\xe1O\xb9\x906\x176\xe1?T\xe7$2Y\x90Kj\xb2.\x9br&amp;\x8d\xe7\x90\xc9\x82\\\xd2\x88m\x9f\xc1\x86_\x1e\xe5\x11\x85\xa4]R_\x16\x91:`\xe4\xdb\x934\x81\xfb\xe4P;\xaf\xc8\x94AYdV\xf0B\xc3&gt;R\x14\x98\xb4\x96\xd2@L\x12\x84\xb7\xb8\xc4\x04\xda\xa53\t\x91Y9\xf7Mm\xe0de\xf0\x9a5kB\xd7\xae\r[\xb3:t\xddju\xc8jM\xc8*\xcd\xda \x84\r.\xcf`\xdf\xb8\xda?\x140\x0b\xf0^\xe5\xe7\x19Dh\x05\x87\xae\x82\xf6\x87\xcb/\x01\x99\xd5\xf1\xa9\xd1\xf9 \xb8\x9c\x83\xcb&lt;\xf7\x1f{\xf7l\xdcr\xff\xd3/^{\xdb]\xbc\xbe]q\xcd\xad\x7f\xfa\xe3\x9f\xfe\xf7\x7f\xff\xf7\xcf\x7f\xfa\xcbG\xa7gy\x03\xc9J\xdc3\xcf\xbd\xf4\xc4\x93\xcf\x1e:t\xf8\x8a+\xaex\xe6\x99g.B}[8\xd8\xa4"\x93E\xa4\x87\\\xb28\x994\xb2 \x92\xcd);\xe4\xdbH\x8aS\xab\x94\xbd\xf8\xd9J9\x8f4"\xf5\xed\x89\x8c\x1ci\\\x16\x91\xfa\x82\xc4\x17z\xd6\x18r\xd4\xcb\x8e\xc4\x95\x80\x1c\n\xb0\xb1\xca\xc6\xc4\x82J\xde\x9c\x86-\xc8o\xf5\xca\x80u+\x03CV\xa1BW\x05\x84\xac\n\x08]\x1d\x80\xb7\xf8\x016\xc0\x0c\xb6\x8e\xee\x97x\xc3\xee\x11\x92W\xab\xd7\x94\xb7WtOv\x11l\xde^\xbe\x81\x01+\x817\xf5*\x93n\x8d\x19*\xa1\xea\xdf~\xe0\xf2\xc3\x1f&gt;\xfd\xc6{7=\xf8\xd85\xc4\xdb\x95\xc7/\xbd\xec\xda\xcb\x8f\xdd\xf2\xd9\xa7g\xa0\xbe\xfd\xe5\xcf\x7f\xfd\xf8\xf4\'R\xde\xa4%\xee\xc1\x9f&gt;2&lt;&lt;\xd2\xd3\xd3\xb3g\xcf\x1e\xb8\x90{\xf3\xcd7\xd9_~\x01\xed\xc2\xc0fS6\xe7\xb7\x19\x04Q\x9cZ{"\x93\x05Ad\xb2\xa0M\ti\xb6\xae\xd9\x84.[&gt;\x994"s\xb8\x94\x11.{]\xd28\xf7\xc9l\xc6\xa5\x87\xd2\xa0\xf2\x10\x1d\xe1\x85F\x8a\x98\x848\xb8R\x8a\xc8\xc4\x1c\xd4,oL\xc4\xe4\xec\xb4N\xc1\x06\x06\xd8@\x11[\xe5\x1f\xaa\x14\xf0\x16\xe0\xb5\x120\xf3vE\xd2L\xeb\xcd\xa3W\x0e\xee\xbfq7\x08\x0e\xff\xe1\xef\xfeau\xb0~\xc5\x0f=tk"\x807SHL\xb0\xefZ\x88GFE\xde\xfe\xd8\x93\x8f\xfc\xfa\x8dk\xef}\x88x\xbb\xea\x9a\x1b\x8f\\q\xfd\xe1\xabn:u\xea\xa3\xff\xf9\xef\xff\x81]\xe5\xe7g\xbe\x00\xcc&gt;&lt;y\xea\x83\xf7?\x04\x81\x03%\xee\x8e\xdb\xef\x04\xccz{{\xb7m\xdbF\x1f\xfd\x16\x19\xb8\x80\x86\xac]\x10\xd8d\xb3\xc9\x0e\xa5\x11r\xa8\xb5\'\xea\xa5V&amp;\n\x92\xf1\x08\x18\xef\x92:\xb6\xfd\xb9\x95M\xdekK\xd4%m\xa5\x8eL&lt;\xce\x1d\xa5x\x17\x992\xae\x94\xb2K\x19\x91\t_nL\x9a\x83\x90\xd0\x05\x00\xcd\x85\r\xcc6i\xd8!\x8c"9\xfd\x83?\x80\x07p\xb5&amp;\x10\xef\x88\x80V\x07\xa8\x81=p \x18\xe4\xbb\xd6c\x85\x8f\xfb\x8f\xbc!\'\xa90\t\n\xda\xf8\xc1!\x82M\xf5/?\xf8\x87\xbfG\xd8@\x11\x9a\x84\x08u\x02\\\xday\xb2o\xdc\xbc\xf2\xca+7\xdfv\xfbS\xef\x9c\xba\xe3\xe9\x97\xaf\xbd\xf7\xa7\xd7\xdcv\xf7\xf5\xb7\xdcq\xfc\x86\xdb\x8e\x1e\xbb\xf9\xe0\x157\xfc\xe2\x97\xbf9s\xe6\xcc\x15G\x8f677\xb5\xd6\xd5\x85\xadZu\xe0\xc0\xa5?\x7f\xe2\xc9\xbd{\xf6\xb6\xb6\xb6\xf6\xf7\xf7OMM]\x7f\xfd\xf5?\xff\xf9\xcf\x7f\xf5\xab_\xbdvalM@\x80\xe0\xbd\xf6\xda\xafE\xa3C\xe8\x82?\xc1\xa6Q\xc2\x05\xb5\x8b\xf3(J{\xf2\xc9\'a\xc5\x08\x07\xdfi\x13_hh\x7f\r\x07\xaf\xfd\xfaU\xe6;0\xd6\x8b\xa3X&gt;\r\x14"\xb3\xe6,l`\xb4\x98\xc0&lt;]\xfd\xe0\xda\xcc\xdfk\xa5\xd7\n?(YBt\xd9\xb2\xc4\xe2\x04 m\xfb\xf1M\xdb\x8fl\x05\xd2.\xf9\xb1\xdbr\xd5\xf2\xbf\xff\xbf\x7fO\xb0\x85\x87\xc5\xea\xd7E\x02\xa2\xae?\xf2\xa0\xdb\'\xb0\x03\xbc\xfd\x89g~\xfe\xce\xe9\xeb\x1f}\xea\xda\xfb\x1f\xbe\xfe\xae\xfbn\xbd\xf3\xde\x9bo\xbb\xfb\xd8u\xb7\xdfq\xff\xa3\x13\x13\x1b76\xd4\xbfl\xb1|T]\xfd^E\xc5C\xc5\xc5\xbd\xe5\xe5555\x1b7n&lt;~\xfc8`\xf6\xfb\xdf\xff\xfe\xe4\xc9\x93\xf0\xdf\xda\x0bd@\x94\xe0\x9d:\xf5\xa1h\xf4\x97B\x97\x03Q\x0e\x0c\xa2\xa1\xa2d&amp;\x8bK\x13\xa4\xf1S|*\x9a\x16Lm\xc0o\xe2\x8a]\x0e\xcc\xe6\xe4R\x93\xc5\xe1P\x19\xe1\xed\xa9W_}\xf5\xb3\xcf&gt;\x93\xa4I\x93y\x10LpV\xb3_\xcd \x03\x9f\x82\x12\x93\xe6s\xdf\x81\xc9\xd2\xa4\xc3e\xad\xd2l\x0e$\x83C.:\xc4\x97\x9b\xf9`\x1f\xc2\x01\xd3\x07b\x02\xb3\xd9\x040\xf0y\x9a\xe8S\xb2\x90F\xed)G\xb0\xd9\xfc\x8a\r\x98p\xfeD[\r\x1b\xc4\x9cp\xc0\x0c\x00\xdbw\xd7\x0e\xaai\xff\xf4\xf7\xff\xea\x15\xe8\x99Z\x95\xb2\xc2\xc3\x15s\x82\xf5!\xc1:\xdd\xda\x88uAZ(\x83\xbe\xee\x81&gt;n\x01P\x94n\xbb\xfb\x9eG\xff\xf0\xd1O~s\xe2\xf8#O\xdd\xf8\xe0c\xb7\xde\xff\xd0\xbd?y\xe8\xb9\x17~q\xddMw\x8e\xb6\xf7\xbc\xc7H\xfb\xb2c\xc7_\x06\xae:\xdd\xb2\xf5\xc5\xa2\xa2\xd5+.\xa1\x07=7\xc3\x9a\xef\xb4A&gt;\x91\x03&gt;m#)\xe2\x8c\x9ak&amp;\xd8@\xe9.B\x90$\xce\x8d|!A\xd6\x05\xf9dy\x85yE\xa5E\xa9\x99\xa9\x04\x1b\x188b2\x8e\xda\xd3\x9c"\xd3h~(\x88z\xa5\x99s\x0f\xa9\x95\xc9FP\xbc\x1b)\x8fK\x84\xa3\xe8\xb9\x81\xfdN\xbd\x16\x04\xce\xdc\x1c!Ml\xa5\x87`\x14\x91\x06\xa5\x87\\\xb2C{\x92\xa5)\x0f\xc1\xb8\xcf\xe3x(\\2\xc0F\x90\xdf`\xe4\xfb\xc3\xd9-"3vGD&amp;\xcc\xa4\x1ct\x84i\xcf\x05628\x89\x91\xe9\xb1Y\x96\x1c\xc0\x8cD\x98y\\\xe2\xf3w\xff\xe7\xef\xc1\xfe\xcf\xb2\xff\xeb\xea\xe9\xee\xee\xe1\t\x99T\xdc\x02\xbd\xd7\xc0\x9e\x13\x7fU\xc1gm\x80\xd7*x*\xb03\x99\xb9\xe9\xce\x9f\xbd\xff\xd9-\xcf\xff\xea\xa6\xc7\x9f\xbd\xfd\x91\'\xef}\xf8\xf1\xcf\xbf\xf8\xf2\xf2\xa3W=TW\xdfq8-\xe1\xd6\x84%-\xc9\x81\xb2\xef\xce\xe6*\x7f\xa0\x1cD\x8e4\x0ei\x87\x9e=t\xff\xaf\xee\':\x98\t\x000\x91I#\x00\x97@\x0b3\x817\x06\x9b\x947\x02\x923\xc62\x99(\x8d\rA\xde\xc0\x85&lt;G\xb0\xfd\xcf\xefn\x17&lt;[\x06\x08\xfd\xf0\x92\x1fU\xf7Tq\xd8\xfe\xf5\x9f\x97\x03`\x10\xff\xbb\xff\x8b\xadw\x80w\xcd@M|F\xc2\x8f]p\xd3H\xbc\xad\xf4[\xb7\xd2w]\xa0\xcf\xea\x00\xaf\x95\xef\xbd\xf7\xdeo\x7f\xfb\xdb\xda\xa6\xe6\x87\xde\xfb\xec\xc1\x13\x1f\xde\xfc\xdc/o\x7f\xf2\x85\xfb~\xfe\xdcg\x9f\x7fy\xcd5\xd7\xbcRU-=\xa7KZ\x92L\x04\x12\x01\xd6\xf4H\x13W\xdf\xcf\xfb\xb8\xcf\xf1#\xe4\xda~\xda\x8ax\x08\x80\t\\\xd9\x93\xa4\xb8\x81\xd9\xe5M\x10\x96&gt;\xa4\x8bZ\tlB\x02$;\x84\xedu\x1b\xbfAB\x06\xf0D\xe7D\xbb]\xe2\xfeC\x97\x1fA\xf1\xfa\xc1\xf7\x7f\xa0R\xa94\x91Z}\x9c\xde\xc5\xc5\xc5\xc3\xdd3\xbf\xa4h\xeb\xe1\xad\xdb\xaf\xdb\xb2\xe3\xeam\x89\xe9I\x90\xaf\x0f\t\xd7\x87\x99\xf5\xa1(\xf5Z\x83.$\x1c\xae\xb8\xde\x7f\xff\xfd\xda\xda\xdac\x0f?\xf1\xf0\xfbg\xee\xfe\xf5\x89;_\xfc\xf5\xfd\xcf\xbfr\xf2\xa3O\xee\xbf\xff\x81\'++\xf0\x9c\xde&amp;\x11;\xc5\xa7\xc9N-\xe9oZ\x1f\x7f\xf41\xe8\x93\x8f?\xf9\xec\xd3\xcf\xce|v\xe6s\xf8\xbf\xcf\xce\x9c\xf9\xf4\xcc\x17\xf0\x7f\x9f\x9eA\x1f\xc2\x9f~\xf6\xe9G\x9f~z\xfa\xd3g\xdez\xa6\xff\xf1~\tos\xa0\xb2\'dE\xe4\r\x8f\x88(\x1b\xbc1c]\x82X\x02e2\xcc\xb0\x7f\x1e\xd8.\x90I\x7f\x83\x04\xa8ikk\xdbu\xe0\xd2\x87\xde\xff\xec\xa1?|r\xf7\xaf\xdex\xe0\x95\xdf&lt;\xf6\xf2k\xaf\xfd\xee\xf7;\xcb\xcb\x05\xd8x+\x83\xed\x83\xa5\xf6o\xb2\x15IC\xcc\xce\x08\x98\xfd\xf5\xaf\x7f\xfdZa\x7f\xfe\xe3\x9fO\x9f&lt;\xfd\xc9\xa9O&gt;9\xfd\t\xb4O\x7f\xf0\xb4\x827\x84\xc5\xa6\x10-&amp;\xe2\rq\x91"7\x0b\x1b\x08\xfe\x97\xf0\xe3\xb0\xe18N\x1a\\\x00\x92\xb3l\xff\xc5\xb5\x07\x1ex@\xf6\x83?\xbd\xbd\xbd\x07\x0f\x1e\xbc\xe5\x99\x97\x1e=y\xe6\x817\xde\x7f\xe0\xd57\x1ey\xf5w/\xbf\xf1\xf6\xce={\x05\xcc\xb8d\xb0-\xe9oUX\xd1&gt;\xfd\x04H\xfb\xe2\x8b/lb\xf6\xd5\x7f\x7f\xc5u\xf2\xd4I\xbc\x8f\xfc\xc1\x87O\x9f|\x1ax\xa3U\xc4\xae\xdf\x04\xae\x94\x026\x98\xd0\x01f\x887F\x1aFD\xa2\x18`\xf8\xa9h\xa1\x13\xd9\xa3 \x13&amp;\xe0l8\x0f\x9b\xe1\xede\xf8&lt;.\xae\xbd\xfb\xee\xbbR\xd8\x06\x06\x06\xae\xbf\xfe\xfa\xe3\xb7\xdc\xfa\xd8\xc93?{\xef\xd3\x07_\x7f\xe7g\xaf\xbf\xfd\xcbwO\x8f\x8co\x14`\xe3\xad\x0c6\xc7\xff\xfd[j\xbf{-\xe8#\x814\xd8$~\xfe\xf9\xe72\xd2\x9e:\xf5\x14h\xea\xb9\xa9{\xdf\xb9W\xca\xdb\xeb\xbf\x7f\x1d\x96\xdcs\'\x9f{\xee\x83\xe7v&gt;\xb7\x13V\xd1\xa1g\x0f1\x12@d\x02f\x14a\x9c\xa0\x10-F\x1d\xf1\x86\xacQ}\x9b\xc3\x1b}\xa5\x88\x8d"\xc0D\xd2\xa0\xc5T\xcc\xc4/\xf5^\xd8mdET\x04I8f\xa6\xfc)\xbb\xbb\xef\xbe\xfb\xbe\xfb\xee\xbd\xf3\xf9W\x9e8\xf9\xd9\xa3\'&gt;|\xfa\x0f\xa7n~\xe0\xa1\xf6\xf6v\x013.)l\x9f\xbeN\xdax\xe4\xd6\xde=GA_}\xfd\xc0\x03/\xddD&gt;8p\xf8\xd5\xd7wt\xec8B:\xfd\xe7\x07@\x95\xc3\x07\x8f?r\xc3\xe4\xd5\xb3\xb2\x8c\x1f\xfd\xe2\xabgA7=~\xb74^9r\xf4\xf4\x17\xcf\n\xa2\x97yI\xdf\xb8\x98\xc1\xa6\xf1\x93O&gt;\xf9\xf2\x8b/\xdf\xfa\xec-b\x0c\xe8\x02\xc6\xc8I\xbb3\r\xc4a\xe3\xceo~\xff*P\x00\xbb\xca\x07^{\x80\x16\x12R!\x18\xc7\x8c\xc4\xb0\x11\xbe\xcb#\x88\xb0\x11\xc5(\xb2\xc1\x1b\xfe\xaa\x00#\r\xe7!#\xd2.8l\xc0\xd8\xf5\x93\x9b\xba\x8a\xf2\xa1\xad\x89\x89\x12\xa26\x7f7\xf2\'?y\xf6\xd9g\xf7\x1c&lt;\xf4\xe4\xc9\xcf\x9e|\xef\xe3\'\xdex\xaf\x7f``hhH\x80\x8d\xb7\n\xd8\xd2\xba\x0f\x82\x080M\xe9n\x10\x91F\xce\xea\xdc\xddD\x1a8\x80\x19\x97\x14*\x80\xcd5i\x92Zi\x1c`\x83\xc8\xf1\x87\xef\x16`s\xfc_\xdc\xa5\xf6"\xb4\xa2\x01l@\xda\x9f\xfe\xf8\xa7\xff\xfe\xaf\xff\x06\xc0\x003\x02\x8c\xca\x9a\x14\xb6\x8eG:@/\xbd\xfa\x12\xf8\xef\x9e\xfa\xc3\xeb\xbf{\xfd\xc3\xf7&gt;\xfc\xe8\x83\x8f\xe8\xcaMDK*\x01&lt;d\x06\x19\x03_\x80M\xf4\xb1E\xd2D1\x96D\xde\xe0\x7f\xe8\x909\x18d\t\xe4@\xf0B\xc1&amp;%\x8dZ^\xdf\x94\xb0=\xf8\xe0O^{\xed\xb5\xee\xee\xee\xbb\x9fy\xf1\xb9\x93\x9f\xee;zeOO\xf7\xf44\x96\xfb\xd9\xb2&amp;\xf2&amp;\x9crV\xd3\x804pX\x11{\x80\x00#\x9fx\x03\xc6\xa0\xb8\x81\xee}\xfe\xb8k\xfc$\x88\xea\xdb\x17_\xdf0\xab\xaf\x9e\x05\xa8@P\xd9\xbe\xf8\xfaJ.`\x0cH\x13x\x83\x17{I\xdf\xb8\x98\xd1\xbdG\x84\xed\xcb?\x01i_|\xf5\xc5\xe8\x93\xa3\xb40@\x0f\xfcA\xa8Zw\xbcu\x07\xc8|\xa3\x19\x94w&lt;\xefk\xa0\xf2\xbf\xbf~\xec\xd7\x8f\xbd\xfb\xf6\xbb\x12\xd8\x04\xb4$\x8e D\x84\x99\x043\xae9\x87\x9c:\x06\x1b\xabl\xc2\xeeQ\xb8~\x03\xbb\xe0\x95-]\x13\xc6I\xbbzb\xb49\'s$\'\x87\xea\x9bM\xd8\xdex\xf3\x8d}\xfb\xf6\xdd\xf7\xd0#\x8f\xfc\xe2\xb5\xde\xde\xde\x89\x89\x89\x1bo\xbc\x01O\x1c1&amp;\x92\x06\x12\xce:\x83\rD\xb0\xf1jF\xb0Q\x04\x18#\xd8@\xb0{\x84\x9a&amp;\x83\xed\xa5\xf7\x84\xca\x86\xa4\xc1f\xf2\xeb+_z\xef\x18\x945\x82\x8dx\xc3\xfd$\xbc\xd2\x0e\xfe\x8b\xbb\xd4^\x84\x16\xc4\x0c`\xfb\xe2\xf3/\x00\xb6\xaf\xfe\xfc\x15\xc1\xc6\x17\x06\x90&amp;\x85\xed\xf4\x9fOs\xd8\x9e\xfd\xc3\xb3\x00\xdb\xb1\xe7\x8f\x01l\xa7\xde?e\xbf\xb2\x91\x00\x17\xd8\x16\xa2\x18*\x08\x0c\x8b\xcbZ.&lt;\x14\x91\x13H\xc3!\x12\xd8\xd0\xbf\xa0\xb0\x01iE\xb1\xd1\xc4[O\xca\x86\xb1\xbc\\*n\xb6`\xc3\x7fX\x03\x8a\xdb\x93O&gt;y\xc5\x95W\x8d\x8f\x8f\x1d&gt;|\xe8\xe7O\xfe\x1cO\x1c/k"ot\xd2_\x7f\xef\x11\xda\xef}\xfd\xf5\xb3_\x7f}\xc3\xc0\x9e\x19M\xe9$\xb4_}}\x03\xd7\x9f\xbe&gt;\xce5u\xcdA\x101\x06]\xbd\xfbf4\x95\x93 \xbf\xcc\xc9\xa6m\xc2\xa8\xd3\x7f\xbe\xc15\x1e7\x9c\xc7\x1f\x81\xe2&amp;\x00\xe9\x97:)\xbc\xd8K\xfaf\xf5\x11\xea\x8bO\xbf\xf8\xe3\xe7\x7f\xfc\xd3\x17\x7f\xfa\x8f?\xff\x07\xc0\xc6\xe9\x82\xfa\x06\xe0\xc9`\xa3\xe2\xc6a{\xecW\x8f\xbd\xfb\xe6\xbb\xa7\xde9\x95v+~2\x89Ab[\x88\x8d\xc8\x1b\xa7\x8e\xdb\\\xd2\xe6\x88\x90\x03\x93V66\x03\xf4\xbe\xbdldt\x84\xf0Xp\x8b^\xbd\x92Hk\x8d\x8b\xedNN\x1c\xcd\xcb.\x880A\xdc6l\'N@q{\xf9\x17/\xdfq\xc7\x1dW\\y\xc5}\xf7\xdd\xf7\xdak\xbf\xc6\x13G\x8c\x89\xa4\x81\xce\n\xb6\xbf|}\x8cZ -\xaf\x7f7\x87\xed\x81\x97\x8f\x02o gas\xfc\xdf\xdd\xa5\xf6B\xb7\xa0\xb9\xb0\xfd\xcf\x7f\xfd\xcf\xd9\xc2v\xcds\xd7\x10lEw\x17A\x8e\x94.\xc9N\x12\x1d\xa1\x16I`\x13\x85A\x04H4%l`0\x1c\xbb\x18`\xc4\x1b\xdbF\xbe\xb3\xec\xd8e\xbb/(o-\xb11\x1d\x89\xb1\xdd\x1b\x12\xc7\x0b\xb27\x15\x17@q\xb3y\x83\x84=\xa1\x13o\xbe\xf9\xc6/\x7f\xf5\xcb\xe7\x9e\x7f\x0eZ\xf0\xf1\xc4\xf1\xb2&amp;\xf2vV\xb0q\xc9*\x1b\x17\x90\xa6\x84\r$\x87mI\x8bAR\xd8\xfe\x1ba{\xe2\x83\'hU\x80\xe0Pf\x14\xaf;Z\xf6\xd2\xdb\xcf\x03l7&lt;}\xdd\x89\xd7O\x9c~\xef\xb4-\xd8\x04\xccH\xac\xb2I%CnVD\x17\x18\x87\r\xb8"\xb1 \xce\x86\x0eL\x02\x95\xed\xad_=z\x81x\x83:\xd6\x1c\x13\xdd\x12\x1b\xdb\x16\x1f\xdb\x97\x96&lt;UY\xba\xb3\xb6\xd2.lT\x7f\xdf&gt;\xf1\xd6\x89\xb7\xde|\x0b\x12\xf0\xb9\xe2\xc9"\xc6D\xd2@\xce\xc0v\xf7\xb3G\x01\x12\xaai\xd4\xca*\x1b\x88\x8a\x1bT6\xd0\xdd\xcf\xc1\xc5\x1e\xc2\x065MZ\xd9ne\xf3\xe0\xcb\xec\xf8\xbf\xbbK\xed\x85nAbe\xfb\xf2\xb3/9l\x9c(\xd0\xe6g6S\x84\x0c\x0e)\x0e\xb0\x01i\x1c\xb6\xf9*\x1b\xea\x81\x07\xee\x07\xbd\xf6\xda\xab\xf3\xc2&amp;\nV\xeb\x1c\xd2\x08B\xc6\x18[\xd8\xb8\xb4O\x9c\x17l\xd6\xe4\x84\xe6\xf5\xf1\xa0\x9a\x98(\x10\x80$\x15\xec\x1e\x814\x108\x03\x19){\x1bk\x8e\xf4v@\xdc\x06l\xfc\x9f\x8c\xa2\'EO\xeem\x116.\tl\xa7O\xbfS7~\x1c8\x01\xe7\xf4\xa7\xaf\x80\\\x93F\x8f?x\xefi\xf6\x96@\xc9\xc0Q\x97\xf8QH8\xfd\xc5+$\x97\xa8Q\xd0;\'_\x01\x9d\xfe\xf4\x9d\xba\t\x1c\x0b\xed\xd1\xbb\x1e+\xec\xba\x12\xf4\xce\xc9w\xbe\xf8\xf3\xb3\\\x803\xc8/sw\xdd\xf8\r\xc2\x8b\xbd\xa4oVsa\xfb\xea\xab\xaf\xfe\xf3\xff\xfd\'@%-n `L\x169\xf2\xd3\xfd@\xda\x8b\'\x9e\xbf\xed\xb9\x9b?&lt;\xf1\xe1\xa7\xef}:\xef5\x9b\xe4\x9f\xf5\xfb\x03\x96,\x07\xc8!\xa4\xb0W\x14\x0e%\xb0\xa1`\x19\xb3\x8a\x87K\xfb\xed\xb7\xdeZ\xf6\xd5\x997\xcf\x817\x02lgm\xc5\xbe\xd6\x86C\xddmGz;\xaf\x19\xed?&gt;1rl\xa4\xef\xf2\xde\xf6\xfd\xcdu\x9b\x8as\xe0:\rj\x1a\x90\x06\xeaII\xde\xd7Tw\xed\xf8\x10\x94;{\xb0I\x05\xcfn\x166\xde2\t\xac\x01c\x8c7\x100V9|\x04`\x83\xf6\xd8O~J\xa4\x01rHc\xea\xee\x1b\x1e\xf9)\xb4\x85]GHG\xef\xba\x97H\xbb\xe1\xa1\'\x80:`\x0c\x04\xb0\x01\x8a\xa3\x07\x8e=\xf0\xec\xbd\xd4\xde\xf0\xe0c@\x1a\x08\xa9\x83W\xda\xf1\x7fw\x97\xda\x0b\xdd\x82$\xb0\xfd\xe5\x8f\x7f\xf9\xf3\x1f\xff\xfc\x97?\xfdEV\xc4\x94\xc2r\xc7\xca\xda\x1d\xcf\xddz\xc7\x0b\xb7\x01lg\xde?\xa3\x80\x8d\x8c\x1f\xce\xfd\x97\xf1Xu\xb2\xc1\x1b\xfe\xee*\xc16\x1b\x97\xc1\xc6o\x93\xd0\xef\xb4\xe25\x1b\xc1\xd6\xd2\xd1#\x904\x9f\x01iSUe\x87\xba;\xaf\x9d\x18\xbfe\xc7\xd4\xed\xbbv\xde\xb3\x7f\xdfCW]\xf1\xf4m7=\x7f\xef]/\x80\xee\xbc\xe3\xe1cG\xaf\xdf2\xb6\xb3\xae\xba/-\xa5-&gt;\xaegC\xd2\xde\x06\xebu\x9b\xc6v\xd5\xd7Bq\x93\xc1\xf6\xe0\xdc\x7fS\x1b\x8d\xb5x\xbexY\x13y\x13Xc\xb0\x11obM{\x05`\x03\xcc\x006\xaaoP\xd0\x804H\x80\x96j\x1a\x90\x06\xbc\x01lD\x1a\x87\r\x04%\x0e0\x03%\xd4\xef\x86\x16\n\x1a\xf0F\xf5Mx\xb1\x97\xf4\x8dK\x84\xed\xcf_\xfe\x19\xae\xdc\xfe\xeb\xff\xfd\xd7[\x9f\x9e \xde^{\xe3\xb5\xbc\xe3y\\uG\xeb@G~z\x040\x03f\x9e|\xe1\xc9\x87\x9e}\xe8\xbe\xe7\xee\xfb\xf4\xddO\xbf\xf8\xe0\x0b\tl\xc8\x8aR\xc0\t\xfd\xfbl\'\xdfg\xff&gt;\x1bI@NB\x1aJ\x8c0\x11c\x10\x14a\x9b\xbd\x9b\x02WH\xc26\x92`#\tH\xd91 \xad/5iky\xc9\xde\xc6\x86\x99\xe6\xa6]V\xeb\xb4\xb5\xee@[\xcb5\xe3#w\x1f\x98\xf9\xd9\xf1c/\xff'... (set the log level to DEBUG or TRACE to see the full content) 
 </msg>
<msg timestamp="20221213 15:25:06.386" level="INFO">POST Response : url=http://pretest-qa.dcidev.id/api/v1/uploads/profile?Authorization=pyanslilpugz 
 status=401, reason=Unauthorized 
 headers={'Server': 'nginx/1.18.0 (Ubuntu)', 'Date': 'Tue, 13 Dec 2022 08:25:05 GMT', 'Content-Type': 'application/json; charset=UTF-8', 'Content-Length': '49', 'Connection': 'keep-alive', 'Cache-Control': 'no-cache', 'X-Request-Id': '48fa1369-5e0d-4da2-affa-398c7bb68462', 'X-Runtime': '0.004978'} 
 body={"error":{"code":401,"errors":["Invalid token"]}} 
 </msg>
<msg timestamp="20221213 15:25:06.386" level="FAIL">Url: http://pretest-qa.dcidev.id/api/v1/uploads/profile?Authorization=pyanslilpugz Expected status: 401 != 201</msg>
<status status="FAIL" starttime="20221213 15:25:06.281" endtime="20221213 15:25:06.386"/>
</kw>
<status status="FAIL" starttime="20221213 15:25:06.279" endtime="20221213 15:25:06.387">Url: http://pretest-qa.dcidev.id/api/v1/uploads/profile?Authorization=pyanslilpugz Expected status: 401 != 201</status>
</test>
<status status="FAIL" starttime="20221213 15:25:02.710" endtime="20221213 15:25:06.388"/>
</suite>
<statistics>
<total>
<stat pass="3" fail="15" skip="0">All Tests</stat>
</total>
<tag>
</tag>
<suite>
<stat pass="3" fail="15" skip="0" id="s1" name="API Privy">API Privy</stat>
</suite>
</statistics>
<errors>
</errors>
</robot>
